2024-10-09 23:33:10,979 - ERROR - Failed to download https://digiscr.sci.gov.in/pdf_viewer?dir=YWRtaW4vanVkZ2VtZW50X2ZpbGUvanVkZ2VtZW50X3BkZi8xOTUwL3ZvbHVtZSAxL1BhcnQgSS9Db21taXNzaW9uZXIgb2YgSW5jb21lIFRheCwgV2VzdCBCZW5nYWxfQ2FsY3V0dGEgQWdlbmN5IEx0ZC5fMTY5NzYwNjMxMC5wZGY=: [Errno 22] Invalid argument: 'pdfs/pdf_viewer?dir=YWRtaW4vanVkZ2VtZW50X2ZpbGUvanVkZ2VtZW50X3BkZi8xOTUwL3ZvbHVtZSAxL1BhcnQgSS9Db21taXNzaW9uZXIgb2YgSW5jb21lIFRheCwgV2VzdCBCZW5nYWxfQ2FsY3V0dGEgQWdlbmN5IEx0ZC5fMTY5NzYwNjMxMC5wZGY='
2024-10-09 23:33:12,099 - ERROR - Failed to download https://digiscr.sci.gov.in/pdf_viewer?dir=YWRtaW4vanVkZ2VtZW50X2ZpbGUvanVkZ2VtZW50X3BkZi8xOTUyL3ZvbHVtZSAxL1BhcnQgSS90aGUgc3RhdGUgb2YgYmloYXJfbWFoYXJhamFkaGlyYWphIHNpciBrYW1lc2h3YXIgc2luZ2ggb2YgZGFyYmhhbmdhIGFuZCBvdGhlcnNfMTY5ODMxODQ0OC5wZGY=: [Errno 2] No such file or directory: 'pdfs/pdf_viewer?dir=YWRtaW4vanVkZ2VtZW50X2ZpbGUvanVkZ2VtZW50X3BkZi8xOTUyL3ZvbHVtZSAxL1BhcnQgSS90aGUgc3RhdGUgb2YgYmloYXJfbWFoYXJhamFkaGlyYWphIHNpciBrYW1lc2h3YXIgc2luZ2ggb2YgZGFyYmhhbmdhIGFuZCBvdGhlcnNfMTY5ODMxODQ0OC5wZGY='
2024-10-09 23:33:13,104 - INFO - Successfully downloaded https://cdnbbsr.s3waas.gov.in/s380537a945c7aaa788ccfcdf1b99b5d8f/uploads/2024/07/20240716890312078.pdf
2024-10-09 23:33:14,538 - INFO - Successfully downloaded https://www.mha.gov.in/sites/default/files/250883_english_01042024.pdf
2024-10-09 23:33:22,507 - INFO - Successfully downloaded https://rbidocs.rbi.org.in/rdocs/PressRelease/PDFs/PR60974A2ED1DFDB84EC0B3AABFB8419E1431.PDF
2024-10-09 23:33:23,097 - ERROR - Failed to download https://digiscr.sci.gov.in/pdf_viewer?dir=YWRtaW4vanVkZ2VtZW50X2ZpbGUvanVkZ2VtZW50X3BkZi8xOTYwL3ZvbHVtZSAxL1BhcnQgSS90aGUgdGF0YSBvaWwgbWlsbHMgY28uIGx0ZC5faXRzIHdvcmttZW4gYW5kIG90aGVyc18xNjk5MzMzODYyLnBkZg==: [Errno 22] Invalid argument: 'pdfs/pdf_viewer?dir=YWRtaW4vanVkZ2VtZW50X2ZpbGUvanVkZ2VtZW50X3BkZi8xOTYwL3ZvbHVtZSAxL1BhcnQgSS90aGUgdGF0YSBvaWwgbWlsbHMgY28uIGx0ZC5faXRzIHdvcmttZW4gYW5kIG90aGVyc18xNjk5MzMzODYyLnBkZg=='
2024-10-09 23:33:23,675 - ERROR - Failed to download https://digiscr.sci.gov.in/pdf_viewer?dir=YWRtaW4vanVkZ2VtZW50X2ZpbGUvanVkZ2VtZW50X3BkZi8xOTYwL3ZvbHVtZSAxL1BhcnQgSS9ncmVhdCBpbmRpYW4gbW90b3Igd29ya3MgbHRkLiwgYW5kIGFub3RoZXJfdGhlaXIgZW1wbG95ZWVzIGFuZCBvdGhlcnNfMTY5OTMzNjM1NS5wZGY=: [Errno 22] Invalid argument: 'pdfs/pdf_viewer?dir=YWRtaW4vanVkZ2VtZW50X2ZpbGUvanVkZ2VtZW50X3BkZi8xOTYwL3ZvbHVtZSAxL1BhcnQgSS9ncmVhdCBpbmRpYW4gbW90b3Igd29ya3MgbHRkLiwgYW5kIGFub3RoZXJfdGhlaXIgZW1wbG95ZWVzIGFuZCBvdGhlcnNfMTY5OTMzNjM1NS5wZGY='
2024-10-09 23:33:24,248 - ERROR - Failed to download https://digiscr.sci.gov.in/pdf_viewer?dir=YWRtaW4vanVkZ2VtZW50X2ZpbGUvanVkZ2VtZW50X3BkZi8xOTYwL3ZvbHVtZSAxL1BhcnQgSS9tZXNzcnMuIGlzcGFoYW5pIGx0ZC4gY2FsY3V0dGFfaXNwYWhhbmkgZW1wbG95ZWVzICB1bmlvbl8xNjk5MzM4NTQ5LnBkZg==: [Errno 22] Invalid argument: 'pdfs/pdf_viewer?dir=YWRtaW4vanVkZ2VtZW50X2ZpbGUvanVkZ2VtZW50X3BkZi8xOTYwL3ZvbHVtZSAxL1BhcnQgSS9tZXNzcnMuIGlzcGFoYW5pIGx0ZC4gY2FsY3V0dGFfaXNwYWhhbmkgZW1wbG95ZWVzICB1bmlvbl8xNjk5MzM4NTQ5LnBkZg=='
2024-10-09 23:33:24,730 - ERROR - Failed to download https://digiscr.sci.gov.in/pdf_viewer?dir=YWRtaW4vanVkZ2VtZW50X2ZpbGUvanVkZ2VtZW50X3BkZi8xOTYwL3ZvbHVtZSAxL1BhcnQgSS9waHVsYmFyaSB0ZWEgZXN0YXRlX2l0cyB3b3JrbWVuXzE2OTkzMzkyMjYucGRm: [Errno 22] Invalid argument: 'pdfs/pdf_viewer?dir=YWRtaW4vanVkZ2VtZW50X2ZpbGUvanVkZ2VtZW50X3BkZi8xOTYwL3ZvbHVtZSAxL1BhcnQgSS9waHVsYmFyaSB0ZWEgZXN0YXRlX2l0cyB3b3JrbWVuXzE2OTkzMzkyMjYucGRm'
2024-10-09 23:33:25,425 - ERROR - Failed to download https://digiscr.sci.gov.in/pdf_viewer?dir=YWRtaW4vanVkZ2VtZW50X2ZpbGUvanVkZ2VtZW50X3BkZi8xOTYwL3ZvbHVtZSAxL1BhcnQgSS90aGUgbG9yZCBrcmlzaG5hIHN1Z2FyIG1pbGxzIGx0ZC4sIGFuZCBhbm90aGVyX3RoZSB1bmlvbiBvZiBpbmRpYSBhbmQgYW5vdGhlcl8xNjk5MzQxMDE0LnBkZg==: [Errno 2] No such file or directory: 'pdfs/pdf_viewer?dir=YWRtaW4vanVkZ2VtZW50X2ZpbGUvanVkZ2VtZW50X3BkZi8xOTYwL3ZvbHVtZSAxL1BhcnQgSS90aGUgbG9yZCBrcmlzaG5hIHN1Z2FyIG1pbGxzIGx0ZC4sIGFuZCBhbm90aGVyX3RoZSB1bmlvbiBvZiBpbmRpYSBhbmQgYW5vdGhlcl8xNjk5MzQxMDE0LnBkZg=='
2024-10-09 23:33:25,973 - ERROR - Failed to download https://digiscr.sci.gov.in/pdf_viewer?dir=YWRtaW4vanVkZ2VtZW50X2ZpbGUvanVkZ2VtZW50X3BkZi8xOTYwL3ZvbHVtZSAxL1BhcnQgSS8xNjk5NTIxMzUwLnBkZg==: [Errno 22] Invalid argument: 'pdfs/pdf_viewer?dir=YWRtaW4vanVkZ2VtZW50X2ZpbGUvanVkZ2VtZW50X3BkZi8xOTYwL3ZvbHVtZSAxL1BhcnQgSS8xNjk5NTIxMzUwLnBkZg=='
2024-10-09 23:33:26,484 - ERROR - Failed to download https://digiscr.sci.gov.in/pdf_viewer?dir=YWRtaW4vanVkZ2VtZW50X2ZpbGUvanVkZ2VtZW50X3BkZi8xOTYwL3ZvbHVtZSAxL1BhcnQgSS90aGUgZ3JhaGFtIHRyYWRpbmcgY28uIChpbmRpYSkgbHRkLl9pdHMgd29ya21lbl8xNjk5NTIzNTc3LnBkZg==: [Errno 22] Invalid argument: 'pdfs/pdf_viewer?dir=YWRtaW4vanVkZ2VtZW50X2ZpbGUvanVkZ2VtZW50X3BkZi8xOTYwL3ZvbHVtZSAxL1BhcnQgSS90aGUgZ3JhaGFtIHRyYWRpbmcgY28uIChpbmRpYSkgbHRkLl9pdHMgd29ya21lbl8xNjk5NTIzNTc3LnBkZg=='
2024-10-09 23:33:27,027 - ERROR - Failed to download https://digiscr.sci.gov.in/pdf_viewer?dir=YWRtaW4vanVkZ2VtZW50X2ZpbGUvanVkZ2VtZW50X3BkZi8xOTYwL3ZvbHVtZSAxL1BhcnQgSS90aGUgY29tbWlzc2lvbmVyIG9mIGluY29tZS10YXgsIGJvbWJheV9yYW5jaGhvZGRhcyBrYXJzb25kYXMsIGJvbWJheV8xNjk5NTI2MjI3LnBkZg==: [Errno 22] Invalid argument: 'pdfs/pdf_viewer?dir=YWRtaW4vanVkZ2VtZW50X2ZpbGUvanVkZ2VtZW50X3BkZi8xOTYwL3ZvbHVtZSAxL1BhcnQgSS90aGUgY29tbWlzc2lvbmVyIG9mIGluY29tZS10YXgsIGJvbWJheV9yYW5jaGhvZGRhcyBrYXJzb25kYXMsIGJvbWJheV8xNjk5NTI2MjI3LnBkZg=='
2024-10-09 23:33:27,575 - ERROR - Failed to download https://digiscr.sci.gov.in/pdf_viewer?dir=YWRtaW4vanVkZ2VtZW50X2ZpbGUvanVkZ2VtZW50X3BkZi8xOTYwL3ZvbHVtZSAxL1BhcnQgSS8xNjk5NTI2ODA0LnBkZg==: [Errno 22] Invalid argument: 'pdfs/pdf_viewer?dir=YWRtaW4vanVkZ2VtZW50X2ZpbGUvanVkZ2VtZW50X3BkZi8xOTYwL3ZvbHVtZSAxL1BhcnQgSS8xNjk5NTI2ODA0LnBkZg=='
2024-10-09 23:33:28,137 - ERROR - Failed to download https://digiscr.sci.gov.in/pdf_viewer?dir=YWRtaW4vanVkZ2VtZW50X2ZpbGUvanVkZ2VtZW50X3BkZi8xOTYwL3ZvbHVtZSAxL1BhcnQgSS9zaHJpIGIuIHAuIGhpcmEsIHdvcmtzIG1hbmFnZXIsIGNlbnRyYWwgcmFpbHdheSwgcGFyZWwsIGJvbWJheSBldGMuX3NocmkgYy4gbS4gcHJhZGhhbiBldGMuXzE2OTk1MjcyMTcucGRm: [Errno 2] No such file or directory: 'pdfs/pdf_viewer?dir=YWRtaW4vanVkZ2VtZW50X2ZpbGUvanVkZ2VtZW50X3BkZi8xOTYwL3ZvbHVtZSAxL1BhcnQgSS9zaHJpIGIuIHAuIGhpcmEsIHdvcmtzIG1hbmFnZXIsIGNlbnRyYWwgcmFpbHdheSwgcGFyZWwsIGJvbWJheSBldGMuX3NocmkgYy4gbS4gcHJhZGhhbiBldGMuXzE2OTk1MjcyMTcucGRm'
2024-10-09 23:33:29,879 - INFO - Successfully downloaded https://www.sebi.gov.in/sebi_data/attachdocs/1292585113260.pdf
2024-10-09 23:33:30,287 - ERROR - SSL Certificate Error while downloading https://ijtr.nic.in/Circular%20Orders%20(Supplement).pdf: HTTPSConnectionPool(host='ijtr.nic.in', port=443): Max retries exceeded with url: /Circular%20Orders%20(Supplement).pdf (Caused by SSLError(SSLCertVerificationError(1, '[SSL: CERTIFICATE_VERIFY_FAILED] certificate verify failed: unable to get local issuer certificate (_ssl.c:1000)')))
2024-10-09 23:33:42,690 - INFO - Successfully downloaded https://enforcementdirectorate.gov.in/sites/default/files/Act%26rules/The%20Prevention%20of%20Money-laundering%20%28Maintenance%20of%20Records%29%20Rules%2C%202005.pdf
2024-10-09 23:33:43,702 - INFO - Data stored in MongoDB for pdfs/PR60974A2ED1DFDB84EC0B3AABFB8419E1431.PDF
2024-10-09 23:33:43,702 - INFO - Processed pdfs/PR60974A2ED1DFDB84EC0B3AABFB8419E1431.PDF in 0.97 seconds
2024-10-09 23:33:43,962 - INFO - Data stored in MongoDB for pdfs/The%20Prevention%20of%20Money-laundering%20%28Maintenance%20of%20Records%29%20Rules%2C%202005.pdf
2024-10-09 23:33:43,964 - INFO - Processed pdfs/The%20Prevention%20of%20Money-laundering%20%28Maintenance%20of%20Records%29%20Rules%2C%202005.pdf in 1.17 seconds
2024-10-09 23:33:44,052 - INFO - Data stored in MongoDB for pdfs/1292585113260.pdf
2024-10-09 23:33:44,100 - INFO - Processed pdfs/1292585113260.pdf in 1.32 seconds
2024-10-09 23:33:44,162 - INFO - Data stored in MongoDB for pdfs/250883_english_01042024.pdf
2024-10-09 23:33:44,177 - INFO - Processed pdfs/250883_english_01042024.pdf in 1.47 seconds
2024-10-09 23:33:44,271 - INFO - Data stored in MongoDB for pdfs/20240716890312078.pdf
2024-10-09 23:33:44,272 - INFO - Processed pdfs/20240716890312078.pdf in 1.58 seconds
2024-10-09 23:37:27,752 - INFO - Starting download: https://digiscr.sci.gov.in/pdf_viewer?dir=YWRtaW4vanVkZ2VtZW50X2ZpbGUvanVkZ2VtZW50X3BkZi8xOTUwL3ZvbHVtZSAxL1BhcnQgSS9Db21taXNzaW9uZXIgb2YgSW5jb21lIFRheCwgV2VzdCBCZW5nYWxfQ2FsY3V0dGEgQWdlbmN5IEx0ZC5fMTY5NzYwNjMxMC5wZGY=
2024-10-09 23:37:28,331 - ERROR - Unexpected error while downloading https://digiscr.sci.gov.in/pdf_viewer?dir=YWRtaW4vanVkZ2VtZW50X2ZpbGUvanVkZ2VtZW50X3BkZi8xOTUwL3ZvbHVtZSAxL1BhcnQgSS9Db21taXNzaW9uZXIgb2YgSW5jb21lIFRheCwgV2VzdCBCZW5nYWxfQ2FsY3V0dGEgQWdlbmN5IEx0ZC5fMTY5NzYwNjMxMC5wZGY=: [Errno 22] Invalid argument: 'pdfs/pdf_viewer?dir=YWRtaW4vanVkZ2VtZW50X2ZpbGUvanVkZ2VtZW50X3BkZi8xOTUwL3ZvbHVtZSAxL1BhcnQgSS9Db21taXNzaW9uZXIgb2YgSW5jb21lIFRheCwgV2VzdCBCZW5nYWxfQ2FsY3V0dGEgQWdlbmN5IEx0ZC5fMTY5NzYwNjMxMC5wZGY='
2024-10-09 23:37:28,332 - INFO - Starting download: https://digiscr.sci.gov.in/pdf_viewer?dir=YWRtaW4vanVkZ2VtZW50X2ZpbGUvanVkZ2VtZW50X3BkZi8xOTUyL3ZvbHVtZSAxL1BhcnQgSS90aGUgc3RhdGUgb2YgYmloYXJfbWFoYXJhamFkaGlyYWphIHNpciBrYW1lc2h3YXIgc2luZ2ggb2YgZGFyYmhhbmdhIGFuZCBvdGhlcnNfMTY5ODMxODQ0OC5wZGY=
2024-10-09 23:37:29,379 - ERROR - Unexpected error while downloading https://digiscr.sci.gov.in/pdf_viewer?dir=YWRtaW4vanVkZ2VtZW50X2ZpbGUvanVkZ2VtZW50X3BkZi8xOTUyL3ZvbHVtZSAxL1BhcnQgSS90aGUgc3RhdGUgb2YgYmloYXJfbWFoYXJhamFkaGlyYWphIHNpciBrYW1lc2h3YXIgc2luZ2ggb2YgZGFyYmhhbmdhIGFuZCBvdGhlcnNfMTY5ODMxODQ0OC5wZGY=: [Errno 2] No such file or directory: 'pdfs/pdf_viewer?dir=YWRtaW4vanVkZ2VtZW50X2ZpbGUvanVkZ2VtZW50X3BkZi8xOTUyL3ZvbHVtZSAxL1BhcnQgSS90aGUgc3RhdGUgb2YgYmloYXJfbWFoYXJhamFkaGlyYWphIHNpciBrYW1lc2h3YXIgc2luZ2ggb2YgZGFyYmhhbmdhIGFuZCBvdGhlcnNfMTY5ODMxODQ0OC5wZGY='
2024-10-09 23:37:29,380 - INFO - Starting download: https://cdnbbsr.s3waas.gov.in/s380537a945c7aaa788ccfcdf1b99b5d8f/uploads/2024/07/20240716890312078.pdf
2024-10-09 23:37:30,324 - INFO - Successfully downloaded https://cdnbbsr.s3waas.gov.in/s380537a945c7aaa788ccfcdf1b99b5d8f/uploads/2024/07/20240716890312078.pdf
2024-10-09 23:37:30,325 - INFO - Starting download: https://www.mha.gov.in/sites/default/files/250883_english_01042024.pdf
2024-10-09 23:37:31,020 - INFO - Successfully downloaded https://www.mha.gov.in/sites/default/files/250883_english_01042024.pdf
2024-10-09 23:37:31,020 - INFO - Starting download: https://rbidocs.rbi.org.in/rdocs/PressRelease/PDFs/PR60974A2ED1DFDB84EC0B3AABFB8419E1431.PDF
2024-10-09 23:37:34,349 - INFO - Successfully downloaded https://rbidocs.rbi.org.in/rdocs/PressRelease/PDFs/PR60974A2ED1DFDB84EC0B3AABFB8419E1431.PDF
2024-10-09 23:37:34,349 - INFO - Starting download: https://digiscr.sci.gov.in/pdf_viewer?dir=YWRtaW4vanVkZ2VtZW50X2ZpbGUvanVkZ2VtZW50X3BkZi8xOTYwL3ZvbHVtZSAxL1BhcnQgSS90aGUgdGF0YSBvaWwgbWlsbHMgY28uIGx0ZC5faXRzIHdvcmttZW4gYW5kIG90aGVyc18xNjk5MzMzODYyLnBkZg==
2024-10-09 23:37:34,952 - ERROR - Unexpected error while downloading https://digiscr.sci.gov.in/pdf_viewer?dir=YWRtaW4vanVkZ2VtZW50X2ZpbGUvanVkZ2VtZW50X3BkZi8xOTYwL3ZvbHVtZSAxL1BhcnQgSS90aGUgdGF0YSBvaWwgbWlsbHMgY28uIGx0ZC5faXRzIHdvcmttZW4gYW5kIG90aGVyc18xNjk5MzMzODYyLnBkZg==: [Errno 22] Invalid argument: 'pdfs/pdf_viewer?dir=YWRtaW4vanVkZ2VtZW50X2ZpbGUvanVkZ2VtZW50X3BkZi8xOTYwL3ZvbHVtZSAxL1BhcnQgSS90aGUgdGF0YSBvaWwgbWlsbHMgY28uIGx0ZC5faXRzIHdvcmttZW4gYW5kIG90aGVyc18xNjk5MzMzODYyLnBkZg=='
2024-10-09 23:37:34,953 - INFO - Starting download: https://digiscr.sci.gov.in/pdf_viewer?dir=YWRtaW4vanVkZ2VtZW50X2ZpbGUvanVkZ2VtZW50X3BkZi8xOTYwL3ZvbHVtZSAxL1BhcnQgSS9ncmVhdCBpbmRpYW4gbW90b3Igd29ya3MgbHRkLiwgYW5kIGFub3RoZXJfdGhlaXIgZW1wbG95ZWVzIGFuZCBvdGhlcnNfMTY5OTMzNjM1NS5wZGY=
2024-10-09 23:37:37,085 - ERROR - Unexpected error while downloading https://digiscr.sci.gov.in/pdf_viewer?dir=YWRtaW4vanVkZ2VtZW50X2ZpbGUvanVkZ2VtZW50X3BkZi8xOTYwL3ZvbHVtZSAxL1BhcnQgSS9ncmVhdCBpbmRpYW4gbW90b3Igd29ya3MgbHRkLiwgYW5kIGFub3RoZXJfdGhlaXIgZW1wbG95ZWVzIGFuZCBvdGhlcnNfMTY5OTMzNjM1NS5wZGY=: [Errno 22] Invalid argument: 'pdfs/pdf_viewer?dir=YWRtaW4vanVkZ2VtZW50X2ZpbGUvanVkZ2VtZW50X3BkZi8xOTYwL3ZvbHVtZSAxL1BhcnQgSS9ncmVhdCBpbmRpYW4gbW90b3Igd29ya3MgbHRkLiwgYW5kIGFub3RoZXJfdGhlaXIgZW1wbG95ZWVzIGFuZCBvdGhlcnNfMTY5OTMzNjM1NS5wZGY='
2024-10-09 23:37:37,085 - INFO - Starting download: https://digiscr.sci.gov.in/pdf_viewer?dir=YWRtaW4vanVkZ2VtZW50X2ZpbGUvanVkZ2VtZW50X3BkZi8xOTYwL3ZvbHVtZSAxL1BhcnQgSS9tZXNzcnMuIGlzcGFoYW5pIGx0ZC4gY2FsY3V0dGFfaXNwYWhhbmkgZW1wbG95ZWVzICB1bmlvbl8xNjk5MzM4NTQ5LnBkZg==
2024-10-09 23:37:37,640 - ERROR - Unexpected error while downloading https://digiscr.sci.gov.in/pdf_viewer?dir=YWRtaW4vanVkZ2VtZW50X2ZpbGUvanVkZ2VtZW50X3BkZi8xOTYwL3ZvbHVtZSAxL1BhcnQgSS9tZXNzcnMuIGlzcGFoYW5pIGx0ZC4gY2FsY3V0dGFfaXNwYWhhbmkgZW1wbG95ZWVzICB1bmlvbl8xNjk5MzM4NTQ5LnBkZg==: [Errno 22] Invalid argument: 'pdfs/pdf_viewer?dir=YWRtaW4vanVkZ2VtZW50X2ZpbGUvanVkZ2VtZW50X3BkZi8xOTYwL3ZvbHVtZSAxL1BhcnQgSS9tZXNzcnMuIGlzcGFoYW5pIGx0ZC4gY2FsY3V0dGFfaXNwYWhhbmkgZW1wbG95ZWVzICB1bmlvbl8xNjk5MzM4NTQ5LnBkZg=='
2024-10-09 23:37:37,641 - INFO - Starting download: https://digiscr.sci.gov.in/pdf_viewer?dir=YWRtaW4vanVkZ2VtZW50X2ZpbGUvanVkZ2VtZW50X3BkZi8xOTYwL3ZvbHVtZSAxL1BhcnQgSS9waHVsYmFyaSB0ZWEgZXN0YXRlX2l0cyB3b3JrbWVuXzE2OTkzMzkyMjYucGRm
2024-10-09 23:37:38,176 - ERROR - Unexpected error while downloading https://digiscr.sci.gov.in/pdf_viewer?dir=YWRtaW4vanVkZ2VtZW50X2ZpbGUvanVkZ2VtZW50X3BkZi8xOTYwL3ZvbHVtZSAxL1BhcnQgSS9waHVsYmFyaSB0ZWEgZXN0YXRlX2l0cyB3b3JrbWVuXzE2OTkzMzkyMjYucGRm: [Errno 22] Invalid argument: 'pdfs/pdf_viewer?dir=YWRtaW4vanVkZ2VtZW50X2ZpbGUvanVkZ2VtZW50X3BkZi8xOTYwL3ZvbHVtZSAxL1BhcnQgSS9waHVsYmFyaSB0ZWEgZXN0YXRlX2l0cyB3b3JrbWVuXzE2OTkzMzkyMjYucGRm'
2024-10-09 23:37:38,176 - INFO - Starting download: https://digiscr.sci.gov.in/pdf_viewer?dir=YWRtaW4vanVkZ2VtZW50X2ZpbGUvanVkZ2VtZW50X3BkZi8xOTYwL3ZvbHVtZSAxL1BhcnQgSS90aGUgbG9yZCBrcmlzaG5hIHN1Z2FyIG1pbGxzIGx0ZC4sIGFuZCBhbm90aGVyX3RoZSB1bmlvbiBvZiBpbmRpYSBhbmQgYW5vdGhlcl8xNjk5MzQxMDE0LnBkZg==
2024-10-09 23:37:41,282 - ERROR - Unexpected error while downloading https://digiscr.sci.gov.in/pdf_viewer?dir=YWRtaW4vanVkZ2VtZW50X2ZpbGUvanVkZ2VtZW50X3BkZi8xOTYwL3ZvbHVtZSAxL1BhcnQgSS90aGUgbG9yZCBrcmlzaG5hIHN1Z2FyIG1pbGxzIGx0ZC4sIGFuZCBhbm90aGVyX3RoZSB1bmlvbiBvZiBpbmRpYSBhbmQgYW5vdGhlcl8xNjk5MzQxMDE0LnBkZg==: [Errno 2] No such file or directory: 'pdfs/pdf_viewer?dir=YWRtaW4vanVkZ2VtZW50X2ZpbGUvanVkZ2VtZW50X3BkZi8xOTYwL3ZvbHVtZSAxL1BhcnQgSS90aGUgbG9yZCBrcmlzaG5hIHN1Z2FyIG1pbGxzIGx0ZC4sIGFuZCBhbm90aGVyX3RoZSB1bmlvbiBvZiBpbmRpYSBhbmQgYW5vdGhlcl8xNjk5MzQxMDE0LnBkZg=='
2024-10-09 23:37:41,283 - INFO - Starting download: https://digiscr.sci.gov.in/pdf_viewer?dir=YWRtaW4vanVkZ2VtZW50X2ZpbGUvanVkZ2VtZW50X3BkZi8xOTYwL3ZvbHVtZSAxL1BhcnQgSS8xNjk5NTIxMzUwLnBkZg==
2024-10-09 23:37:41,861 - ERROR - Unexpected error while downloading https://digiscr.sci.gov.in/pdf_viewer?dir=YWRtaW4vanVkZ2VtZW50X2ZpbGUvanVkZ2VtZW50X3BkZi8xOTYwL3ZvbHVtZSAxL1BhcnQgSS8xNjk5NTIxMzUwLnBkZg==: [Errno 22] Invalid argument: 'pdfs/pdf_viewer?dir=YWRtaW4vanVkZ2VtZW50X2ZpbGUvanVkZ2VtZW50X3BkZi8xOTYwL3ZvbHVtZSAxL1BhcnQgSS8xNjk5NTIxMzUwLnBkZg=='
2024-10-09 23:37:41,862 - INFO - Starting download: https://digiscr.sci.gov.in/pdf_viewer?dir=YWRtaW4vanVkZ2VtZW50X2ZpbGUvanVkZ2VtZW50X3BkZi8xOTYwL3ZvbHVtZSAxL1BhcnQgSS90aGUgZ3JhaGFtIHRyYWRpbmcgY28uIChpbmRpYSkgbHRkLl9pdHMgd29ya21lbl8xNjk5NTIzNTc3LnBkZg==
2024-10-09 23:37:43,181 - ERROR - Unexpected error while downloading https://digiscr.sci.gov.in/pdf_viewer?dir=YWRtaW4vanVkZ2VtZW50X2ZpbGUvanVkZ2VtZW50X3BkZi8xOTYwL3ZvbHVtZSAxL1BhcnQgSS90aGUgZ3JhaGFtIHRyYWRpbmcgY28uIChpbmRpYSkgbHRkLl9pdHMgd29ya21lbl8xNjk5NTIzNTc3LnBkZg==: [Errno 22] Invalid argument: 'pdfs/pdf_viewer?dir=YWRtaW4vanVkZ2VtZW50X2ZpbGUvanVkZ2VtZW50X3BkZi8xOTYwL3ZvbHVtZSAxL1BhcnQgSS90aGUgZ3JhaGFtIHRyYWRpbmcgY28uIChpbmRpYSkgbHRkLl9pdHMgd29ya21lbl8xNjk5NTIzNTc3LnBkZg=='
2024-10-09 23:37:43,182 - INFO - Starting download: https://digiscr.sci.gov.in/pdf_viewer?dir=YWRtaW4vanVkZ2VtZW50X2ZpbGUvanVkZ2VtZW50X3BkZi8xOTYwL3ZvbHVtZSAxL1BhcnQgSS90aGUgY29tbWlzc2lvbmVyIG9mIGluY29tZS10YXgsIGJvbWJheV9yYW5jaGhvZGRhcyBrYXJzb25kYXMsIGJvbWJheV8xNjk5NTI2MjI3LnBkZg==
2024-10-09 23:37:44,221 - ERROR - Unexpected error while downloading https://digiscr.sci.gov.in/pdf_viewer?dir=YWRtaW4vanVkZ2VtZW50X2ZpbGUvanVkZ2VtZW50X3BkZi8xOTYwL3ZvbHVtZSAxL1BhcnQgSS90aGUgY29tbWlzc2lvbmVyIG9mIGluY29tZS10YXgsIGJvbWJheV9yYW5jaGhvZGRhcyBrYXJzb25kYXMsIGJvbWJheV8xNjk5NTI2MjI3LnBkZg==: [Errno 22] Invalid argument: 'pdfs/pdf_viewer?dir=YWRtaW4vanVkZ2VtZW50X2ZpbGUvanVkZ2VtZW50X3BkZi8xOTYwL3ZvbHVtZSAxL1BhcnQgSS90aGUgY29tbWlzc2lvbmVyIG9mIGluY29tZS10YXgsIGJvbWJheV9yYW5jaGhvZGRhcyBrYXJzb25kYXMsIGJvbWJheV8xNjk5NTI2MjI3LnBkZg=='
2024-10-09 23:37:44,222 - INFO - Starting download: https://digiscr.sci.gov.in/pdf_viewer?dir=YWRtaW4vanVkZ2VtZW50X2ZpbGUvanVkZ2VtZW50X3BkZi8xOTYwL3ZvbHVtZSAxL1BhcnQgSS8xNjk5NTI2ODA0LnBkZg==
2024-10-09 23:37:44,766 - ERROR - Unexpected error while downloading https://digiscr.sci.gov.in/pdf_viewer?dir=YWRtaW4vanVkZ2VtZW50X2ZpbGUvanVkZ2VtZW50X3BkZi8xOTYwL3ZvbHVtZSAxL1BhcnQgSS8xNjk5NTI2ODA0LnBkZg==: [Errno 22] Invalid argument: 'pdfs/pdf_viewer?dir=YWRtaW4vanVkZ2VtZW50X2ZpbGUvanVkZ2VtZW50X3BkZi8xOTYwL3ZvbHVtZSAxL1BhcnQgSS8xNjk5NTI2ODA0LnBkZg=='
2024-10-09 23:37:44,767 - INFO - Starting download: https://digiscr.sci.gov.in/pdf_viewer?dir=YWRtaW4vanVkZ2VtZW50X2ZpbGUvanVkZ2VtZW50X3BkZi8xOTYwL3ZvbHVtZSAxL1BhcnQgSS9zaHJpIGIuIHAuIGhpcmEsIHdvcmtzIG1hbmFnZXIsIGNlbnRyYWwgcmFpbHdheSwgcGFyZWwsIGJvbWJheSBldGMuX3NocmkgYy4gbS4gcHJhZGhhbiBldGMuXzE2OTk1MjcyMTcucGRm
2024-10-09 23:37:45,331 - ERROR - Unexpected error while downloading https://digiscr.sci.gov.in/pdf_viewer?dir=YWRtaW4vanVkZ2VtZW50X2ZpbGUvanVkZ2VtZW50X3BkZi8xOTYwL3ZvbHVtZSAxL1BhcnQgSS9zaHJpIGIuIHAuIGhpcmEsIHdvcmtzIG1hbmFnZXIsIGNlbnRyYWwgcmFpbHdheSwgcGFyZWwsIGJvbWJheSBldGMuX3NocmkgYy4gbS4gcHJhZGhhbiBldGMuXzE2OTk1MjcyMTcucGRm: [Errno 2] No such file or directory: 'pdfs/pdf_viewer?dir=YWRtaW4vanVkZ2VtZW50X2ZpbGUvanVkZ2VtZW50X3BkZi8xOTYwL3ZvbHVtZSAxL1BhcnQgSS9zaHJpIGIuIHAuIGhpcmEsIHdvcmtzIG1hbmFnZXIsIGNlbnRyYWwgcmFpbHdheSwgcGFyZWwsIGJvbWJheSBldGMuX3NocmkgYy4gbS4gcHJhZGhhbiBldGMuXzE2OTk1MjcyMTcucGRm'
2024-10-09 23:37:45,332 - INFO - Starting download: https://www.sebi.gov.in/sebi_data/attachdocs/1292585113260.pdf
2024-10-09 23:37:45,965 - INFO - Successfully downloaded https://www.sebi.gov.in/sebi_data/attachdocs/1292585113260.pdf
2024-10-09 23:37:45,966 - INFO - Starting download: https://ijtr.nic.in/Circular%20Orders%20(Supplement).pdf
2024-10-09 23:37:46,132 - ERROR - Failed to download https://ijtr.nic.in/Circular%20Orders%20(Supplement).pdf: HTTPSConnectionPool(host='ijtr.nic.in', port=443): Max retries exceeded with url: /Circular%20Orders%20(Supplement).pdf (Caused by SSLError(SSLCertVerificationError(1, '[SSL: CERTIFICATE_VERIFY_FAILED] certificate verify failed: unable to get local issuer certificate (_ssl.c:1000)')))
2024-10-09 23:37:46,133 - INFO - Starting download: https://enforcementdirectorate.gov.in/sites/default/files/Act%26rules/The%20Prevention%20of%20Money-laundering%20%28Maintenance%20of%20Records%29%20Rules%2C%202005.pdf
2024-10-09 23:37:50,606 - INFO - Successfully downloaded https://enforcementdirectorate.gov.in/sites/default/files/Act%26rules/The%20Prevention%20of%20Money-laundering%20%28Maintenance%20of%20Records%29%20Rules%2C%202005.pdf
2024-10-09 23:37:50,608 - INFO - Extracting text from: pdfs/20240716890312078.pdf
2024-10-09 23:37:50,608 - INFO - Extracting text from: pdfs/250883_english_01042024.pdf
2024-10-09 23:37:50,610 - INFO - Extracting text from: pdfs/PR60974A2ED1DFDB84EC0B3AABFB8419E1431.PDF
2024-10-09 23:37:50,659 - INFO - Extracting text from: pdfs/1292585113260.pdf
2024-10-09 23:37:50,860 - INFO - Extracting text from: pdfs/The%20Prevention%20of%20Money-laundering%20%28Maintenance%20of%20Records%29%20Rules%2C%202005.pdf
2024-10-09 23:37:51,561 - INFO - Data stored in MongoDB for pdfs/PR60974A2ED1DFDB84EC0B3AABFB8419E1431.PDF
2024-10-09 23:37:51,562 - INFO - Processed pdfs/PR60974A2ED1DFDB84EC0B3AABFB8419E1431.PDF in 0.95 seconds
2024-10-09 23:37:51,782 - INFO - Data stored in MongoDB for pdfs/1292585113260.pdf
2024-10-09 23:37:51,782 - INFO - Processed pdfs/1292585113260.pdf in 1.12 seconds
2024-10-09 23:37:51,843 - INFO - Data stored in MongoDB for pdfs/The%20Prevention%20of%20Money-laundering%20%28Maintenance%20of%20Records%29%20Rules%2C%202005.pdf
2024-10-09 23:37:51,859 - INFO - Processed pdfs/The%20Prevention%20of%20Money-laundering%20%28Maintenance%20of%20Records%29%20Rules%2C%202005.pdf in 1.00 seconds
2024-10-09 23:37:51,951 - INFO - Data stored in MongoDB for pdfs/250883_english_01042024.pdf
2024-10-09 23:37:51,966 - INFO - Processed pdfs/250883_english_01042024.pdf in 1.36 seconds
2024-10-09 23:37:52,057 - INFO - Data stored in MongoDB for pdfs/20240716890312078.pdf
2024-10-09 23:37:52,057 - INFO - Processed pdfs/20240716890312078.pdf in 1.45 seconds
2024-10-09 23:38:36,747 - INFO - Starting download: https://digiscr.sci.gov.in/pdf_viewer?dir=YWRtaW4vanVkZ2VtZW50X2ZpbGUvanVkZ2VtZW50X3BkZi8xOTUwL3ZvbHVtZSAxL1BhcnQgSS9Db21taXNzaW9uZXIgb2YgSW5jb21lIFRheCwgV2VzdCBCZW5nYWxfQ2FsY3V0dGEgQWdlbmN5IEx0ZC5fMTY5NzYwNjMxMC5wZGY=
2024-10-09 23:38:37,438 - ERROR - Unexpected error while downloading https://digiscr.sci.gov.in/pdf_viewer?dir=YWRtaW4vanVkZ2VtZW50X2ZpbGUvanVkZ2VtZW50X3BkZi8xOTUwL3ZvbHVtZSAxL1BhcnQgSS9Db21taXNzaW9uZXIgb2YgSW5jb21lIFRheCwgV2VzdCBCZW5nYWxfQ2FsY3V0dGEgQWdlbmN5IEx0ZC5fMTY5NzYwNjMxMC5wZGY=: [Errno 22] Invalid argument: 'pdfs/pdf_viewer?dir=YWRtaW4vanVkZ2VtZW50X2ZpbGUvanVkZ2VtZW50X3BkZi8xOTUwL3ZvbHVtZSAxL1BhcnQgSS9Db21taXNzaW9uZXIgb2YgSW5jb21lIFRheCwgV2VzdCBCZW5nYWxfQ2FsY3V0dGEgQWdlbmN5IEx0ZC5fMTY5NzYwNjMxMC5wZGY='
2024-10-09 23:38:37,439 - INFO - Starting download: https://digiscr.sci.gov.in/pdf_viewer?dir=YWRtaW4vanVkZ2VtZW50X2ZpbGUvanVkZ2VtZW50X3BkZi8xOTUyL3ZvbHVtZSAxL1BhcnQgSS90aGUgc3RhdGUgb2YgYmloYXJfbWFoYXJhamFkaGlyYWphIHNpciBrYW1lc2h3YXIgc2luZ2ggb2YgZGFyYmhhbmdhIGFuZCBvdGhlcnNfMTY5ODMxODQ0OC5wZGY=
2024-10-09 23:38:38,965 - ERROR - Unexpected error while downloading https://digiscr.sci.gov.in/pdf_viewer?dir=YWRtaW4vanVkZ2VtZW50X2ZpbGUvanVkZ2VtZW50X3BkZi8xOTUyL3ZvbHVtZSAxL1BhcnQgSS90aGUgc3RhdGUgb2YgYmloYXJfbWFoYXJhamFkaGlyYWphIHNpciBrYW1lc2h3YXIgc2luZ2ggb2YgZGFyYmhhbmdhIGFuZCBvdGhlcnNfMTY5ODMxODQ0OC5wZGY=: [Errno 2] No such file or directory: 'pdfs/pdf_viewer?dir=YWRtaW4vanVkZ2VtZW50X2ZpbGUvanVkZ2VtZW50X3BkZi8xOTUyL3ZvbHVtZSAxL1BhcnQgSS90aGUgc3RhdGUgb2YgYmloYXJfbWFoYXJhamFkaGlyYWphIHNpciBrYW1lc2h3YXIgc2luZ2ggb2YgZGFyYmhhbmdhIGFuZCBvdGhlcnNfMTY5ODMxODQ0OC5wZGY='
2024-10-09 23:38:38,967 - INFO - Starting download: https://cdnbbsr.s3waas.gov.in/s380537a945c7aaa788ccfcdf1b99b5d8f/uploads/2024/07/20240716890312078.pdf
2024-10-09 23:38:39,698 - INFO - Successfully downloaded https://cdnbbsr.s3waas.gov.in/s380537a945c7aaa788ccfcdf1b99b5d8f/uploads/2024/07/20240716890312078.pdf
2024-10-09 23:38:39,699 - INFO - Starting download: https://www.mha.gov.in/sites/default/files/250883_english_01042024.pdf
2024-10-09 23:38:40,659 - INFO - Successfully downloaded https://www.mha.gov.in/sites/default/files/250883_english_01042024.pdf
2024-10-09 23:38:40,659 - INFO - Starting download: https://rbidocs.rbi.org.in/rdocs/PressRelease/PDFs/PR60974A2ED1DFDB84EC0B3AABFB8419E1431.PDF
2024-10-09 23:38:45,679 - INFO - Successfully downloaded https://rbidocs.rbi.org.in/rdocs/PressRelease/PDFs/PR60974A2ED1DFDB84EC0B3AABFB8419E1431.PDF
2024-10-09 23:38:45,679 - INFO - Starting download: https://digiscr.sci.gov.in/pdf_viewer?dir=YWRtaW4vanVkZ2VtZW50X2ZpbGUvanVkZ2VtZW50X3BkZi8xOTYwL3ZvbHVtZSAxL1BhcnQgSS90aGUgdGF0YSBvaWwgbWlsbHMgY28uIGx0ZC5faXRzIHdvcmttZW4gYW5kIG90aGVyc18xNjk5MzMzODYyLnBkZg==
2024-10-09 23:38:46,264 - ERROR - Unexpected error while downloading https://digiscr.sci.gov.in/pdf_viewer?dir=YWRtaW4vanVkZ2VtZW50X2ZpbGUvanVkZ2VtZW50X3BkZi8xOTYwL3ZvbHVtZSAxL1BhcnQgSS90aGUgdGF0YSBvaWwgbWlsbHMgY28uIGx0ZC5faXRzIHdvcmttZW4gYW5kIG90aGVyc18xNjk5MzMzODYyLnBkZg==: [Errno 22] Invalid argument: 'pdfs/pdf_viewer?dir=YWRtaW4vanVkZ2VtZW50X2ZpbGUvanVkZ2VtZW50X3BkZi8xOTYwL3ZvbHVtZSAxL1BhcnQgSS90aGUgdGF0YSBvaWwgbWlsbHMgY28uIGx0ZC5faXRzIHdvcmttZW4gYW5kIG90aGVyc18xNjk5MzMzODYyLnBkZg=='
2024-10-09 23:38:46,265 - INFO - Starting download: https://digiscr.sci.gov.in/pdf_viewer?dir=YWRtaW4vanVkZ2VtZW50X2ZpbGUvanVkZ2VtZW50X3BkZi8xOTYwL3ZvbHVtZSAxL1BhcnQgSS9ncmVhdCBpbmRpYW4gbW90b3Igd29ya3MgbHRkLiwgYW5kIGFub3RoZXJfdGhlaXIgZW1wbG95ZWVzIGFuZCBvdGhlcnNfMTY5OTMzNjM1NS5wZGY=
2024-10-09 23:38:46,806 - ERROR - Unexpected error while downloading https://digiscr.sci.gov.in/pdf_viewer?dir=YWRtaW4vanVkZ2VtZW50X2ZpbGUvanVkZ2VtZW50X3BkZi8xOTYwL3ZvbHVtZSAxL1BhcnQgSS9ncmVhdCBpbmRpYW4gbW90b3Igd29ya3MgbHRkLiwgYW5kIGFub3RoZXJfdGhlaXIgZW1wbG95ZWVzIGFuZCBvdGhlcnNfMTY5OTMzNjM1NS5wZGY=: [Errno 22] Invalid argument: 'pdfs/pdf_viewer?dir=YWRtaW4vanVkZ2VtZW50X2ZpbGUvanVkZ2VtZW50X3BkZi8xOTYwL3ZvbHVtZSAxL1BhcnQgSS9ncmVhdCBpbmRpYW4gbW90b3Igd29ya3MgbHRkLiwgYW5kIGFub3RoZXJfdGhlaXIgZW1wbG95ZWVzIGFuZCBvdGhlcnNfMTY5OTMzNjM1NS5wZGY='
2024-10-09 23:38:46,807 - INFO - Starting download: https://digiscr.sci.gov.in/pdf_viewer?dir=YWRtaW4vanVkZ2VtZW50X2ZpbGUvanVkZ2VtZW50X3BkZi8xOTYwL3ZvbHVtZSAxL1BhcnQgSS9tZXNzcnMuIGlzcGFoYW5pIGx0ZC4gY2FsY3V0dGFfaXNwYWhhbmkgZW1wbG95ZWVzICB1bmlvbl8xNjk5MzM4NTQ5LnBkZg==
2024-10-09 23:38:48,120 - ERROR - Unexpected error while downloading https://digiscr.sci.gov.in/pdf_viewer?dir=YWRtaW4vanVkZ2VtZW50X2ZpbGUvanVkZ2VtZW50X3BkZi8xOTYwL3ZvbHVtZSAxL1BhcnQgSS9tZXNzcnMuIGlzcGFoYW5pIGx0ZC4gY2FsY3V0dGFfaXNwYWhhbmkgZW1wbG95ZWVzICB1bmlvbl8xNjk5MzM4NTQ5LnBkZg==: [Errno 22] Invalid argument: 'pdfs/pdf_viewer?dir=YWRtaW4vanVkZ2VtZW50X2ZpbGUvanVkZ2VtZW50X3BkZi8xOTYwL3ZvbHVtZSAxL1BhcnQgSS9tZXNzcnMuIGlzcGFoYW5pIGx0ZC4gY2FsY3V0dGFfaXNwYWhhbmkgZW1wbG95ZWVzICB1bmlvbl8xNjk5MzM4NTQ5LnBkZg=='
2024-10-09 23:38:48,121 - INFO - Starting download: https://digiscr.sci.gov.in/pdf_viewer?dir=YWRtaW4vanVkZ2VtZW50X2ZpbGUvanVkZ2VtZW50X3BkZi8xOTYwL3ZvbHVtZSAxL1BhcnQgSS9waHVsYmFyaSB0ZWEgZXN0YXRlX2l0cyB3b3JrbWVuXzE2OTkzMzkyMjYucGRm
2024-10-09 23:38:48,660 - ERROR - Unexpected error while downloading https://digiscr.sci.gov.in/pdf_viewer?dir=YWRtaW4vanVkZ2VtZW50X2ZpbGUvanVkZ2VtZW50X3BkZi8xOTYwL3ZvbHVtZSAxL1BhcnQgSS9waHVsYmFyaSB0ZWEgZXN0YXRlX2l0cyB3b3JrbWVuXzE2OTkzMzkyMjYucGRm: [Errno 22] Invalid argument: 'pdfs/pdf_viewer?dir=YWRtaW4vanVkZ2VtZW50X2ZpbGUvanVkZ2VtZW50X3BkZi8xOTYwL3ZvbHVtZSAxL1BhcnQgSS9waHVsYmFyaSB0ZWEgZXN0YXRlX2l0cyB3b3JrbWVuXzE2OTkzMzkyMjYucGRm'
2024-10-09 23:38:48,660 - INFO - Starting download: https://digiscr.sci.gov.in/pdf_viewer?dir=YWRtaW4vanVkZ2VtZW50X2ZpbGUvanVkZ2VtZW50X3BkZi8xOTYwL3ZvbHVtZSAxL1BhcnQgSS90aGUgbG9yZCBrcmlzaG5hIHN1Z2FyIG1pbGxzIGx0ZC4sIGFuZCBhbm90aGVyX3RoZSB1bmlvbiBvZiBpbmRpYSBhbmQgYW5vdGhlcl8xNjk5MzQxMDE0LnBkZg==
2024-10-09 23:38:49,503 - ERROR - Unexpected error while downloading https://digiscr.sci.gov.in/pdf_viewer?dir=YWRtaW4vanVkZ2VtZW50X2ZpbGUvanVkZ2VtZW50X3BkZi8xOTYwL3ZvbHVtZSAxL1BhcnQgSS90aGUgbG9yZCBrcmlzaG5hIHN1Z2FyIG1pbGxzIGx0ZC4sIGFuZCBhbm90aGVyX3RoZSB1bmlvbiBvZiBpbmRpYSBhbmQgYW5vdGhlcl8xNjk5MzQxMDE0LnBkZg==: [Errno 2] No such file or directory: 'pdfs/pdf_viewer?dir=YWRtaW4vanVkZ2VtZW50X2ZpbGUvanVkZ2VtZW50X3BkZi8xOTYwL3ZvbHVtZSAxL1BhcnQgSS90aGUgbG9yZCBrcmlzaG5hIHN1Z2FyIG1pbGxzIGx0ZC4sIGFuZCBhbm90aGVyX3RoZSB1bmlvbiBvZiBpbmRpYSBhbmQgYW5vdGhlcl8xNjk5MzQxMDE0LnBkZg=='
2024-10-09 23:38:49,504 - INFO - Starting download: https://digiscr.sci.gov.in/pdf_viewer?dir=YWRtaW4vanVkZ2VtZW50X2ZpbGUvanVkZ2VtZW50X3BkZi8xOTYwL3ZvbHVtZSAxL1BhcnQgSS8xNjk5NTIxMzUwLnBkZg==
2024-10-09 23:38:50,069 - ERROR - Unexpected error while downloading https://digiscr.sci.gov.in/pdf_viewer?dir=YWRtaW4vanVkZ2VtZW50X2ZpbGUvanVkZ2VtZW50X3BkZi8xOTYwL3ZvbHVtZSAxL1BhcnQgSS8xNjk5NTIxMzUwLnBkZg==: [Errno 22] Invalid argument: 'pdfs/pdf_viewer?dir=YWRtaW4vanVkZ2VtZW50X2ZpbGUvanVkZ2VtZW50X3BkZi8xOTYwL3ZvbHVtZSAxL1BhcnQgSS8xNjk5NTIxMzUwLnBkZg=='
2024-10-09 23:38:50,069 - INFO - Starting download: https://digiscr.sci.gov.in/pdf_viewer?dir=YWRtaW4vanVkZ2VtZW50X2ZpbGUvanVkZ2VtZW50X3BkZi8xOTYwL3ZvbHVtZSAxL1BhcnQgSS90aGUgZ3JhaGFtIHRyYWRpbmcgY28uIChpbmRpYSkgbHRkLl9pdHMgd29ya21lbl8xNjk5NTIzNTc3LnBkZg==
2024-10-09 23:38:50,647 - ERROR - Unexpected error while downloading https://digiscr.sci.gov.in/pdf_viewer?dir=YWRtaW4vanVkZ2VtZW50X2ZpbGUvanVkZ2VtZW50X3BkZi8xOTYwL3ZvbHVtZSAxL1BhcnQgSS90aGUgZ3JhaGFtIHRyYWRpbmcgY28uIChpbmRpYSkgbHRkLl9pdHMgd29ya21lbl8xNjk5NTIzNTc3LnBkZg==: [Errno 22] Invalid argument: 'pdfs/pdf_viewer?dir=YWRtaW4vanVkZ2VtZW50X2ZpbGUvanVkZ2VtZW50X3BkZi8xOTYwL3ZvbHVtZSAxL1BhcnQgSS90aGUgZ3JhaGFtIHRyYWRpbmcgY28uIChpbmRpYSkgbHRkLl9pdHMgd29ya21lbl8xNjk5NTIzNTc3LnBkZg=='
2024-10-09 23:38:50,647 - INFO - Starting download: https://digiscr.sci.gov.in/pdf_viewer?dir=YWRtaW4vanVkZ2VtZW50X2ZpbGUvanVkZ2VtZW50X3BkZi8xOTYwL3ZvbHVtZSAxL1BhcnQgSS90aGUgY29tbWlzc2lvbmVyIG9mIGluY29tZS10YXgsIGJvbWJheV9yYW5jaGhvZGRhcyBrYXJzb25kYXMsIGJvbWJheV8xNjk5NTI2MjI3LnBkZg==
2024-10-09 23:38:51,226 - ERROR - Unexpected error while downloading https://digiscr.sci.gov.in/pdf_viewer?dir=YWRtaW4vanVkZ2VtZW50X2ZpbGUvanVkZ2VtZW50X3BkZi8xOTYwL3ZvbHVtZSAxL1BhcnQgSS90aGUgY29tbWlzc2lvbmVyIG9mIGluY29tZS10YXgsIGJvbWJheV9yYW5jaGhvZGRhcyBrYXJzb25kYXMsIGJvbWJheV8xNjk5NTI2MjI3LnBkZg==: [Errno 22] Invalid argument: 'pdfs/pdf_viewer?dir=YWRtaW4vanVkZ2VtZW50X2ZpbGUvanVkZ2VtZW50X3BkZi8xOTYwL3ZvbHVtZSAxL1BhcnQgSS90aGUgY29tbWlzc2lvbmVyIG9mIGluY29tZS10YXgsIGJvbWJheV9yYW5jaGhvZGRhcyBrYXJzb25kYXMsIGJvbWJheV8xNjk5NTI2MjI3LnBkZg=='
2024-10-09 23:38:51,226 - INFO - Starting download: https://digiscr.sci.gov.in/pdf_viewer?dir=YWRtaW4vanVkZ2VtZW50X2ZpbGUvanVkZ2VtZW50X3BkZi8xOTYwL3ZvbHVtZSAxL1BhcnQgSS8xNjk5NTI2ODA0LnBkZg==
2024-10-09 23:38:51,903 - ERROR - Unexpected error while downloading https://digiscr.sci.gov.in/pdf_viewer?dir=YWRtaW4vanVkZ2VtZW50X2ZpbGUvanVkZ2VtZW50X3BkZi8xOTYwL3ZvbHVtZSAxL1BhcnQgSS8xNjk5NTI2ODA0LnBkZg==: [Errno 22] Invalid argument: 'pdfs/pdf_viewer?dir=YWRtaW4vanVkZ2VtZW50X2ZpbGUvanVkZ2VtZW50X3BkZi8xOTYwL3ZvbHVtZSAxL1BhcnQgSS8xNjk5NTI2ODA0LnBkZg=='
2024-10-09 23:38:51,905 - INFO - Starting download: https://digiscr.sci.gov.in/pdf_viewer?dir=YWRtaW4vanVkZ2VtZW50X2ZpbGUvanVkZ2VtZW50X3BkZi8xOTYwL3ZvbHVtZSAxL1BhcnQgSS9zaHJpIGIuIHAuIGhpcmEsIHdvcmtzIG1hbmFnZXIsIGNlbnRyYWwgcmFpbHdheSwgcGFyZWwsIGJvbWJheSBldGMuX3NocmkgYy4gbS4gcHJhZGhhbiBldGMuXzE2OTk1MjcyMTcucGRm
2024-10-09 23:38:52,468 - ERROR - Unexpected error while downloading https://digiscr.sci.gov.in/pdf_viewer?dir=YWRtaW4vanVkZ2VtZW50X2ZpbGUvanVkZ2VtZW50X3BkZi8xOTYwL3ZvbHVtZSAxL1BhcnQgSS9zaHJpIGIuIHAuIGhpcmEsIHdvcmtzIG1hbmFnZXIsIGNlbnRyYWwgcmFpbHdheSwgcGFyZWwsIGJvbWJheSBldGMuX3NocmkgYy4gbS4gcHJhZGhhbiBldGMuXzE2OTk1MjcyMTcucGRm: [Errno 2] No such file or directory: 'pdfs/pdf_viewer?dir=YWRtaW4vanVkZ2VtZW50X2ZpbGUvanVkZ2VtZW50X3BkZi8xOTYwL3ZvbHVtZSAxL1BhcnQgSS9zaHJpIGIuIHAuIGhpcmEsIHdvcmtzIG1hbmFnZXIsIGNlbnRyYWwgcmFpbHdheSwgcGFyZWwsIGJvbWJheSBldGMuX3NocmkgYy4gbS4gcHJhZGhhbiBldGMuXzE2OTk1MjcyMTcucGRm'
2024-10-09 23:38:52,469 - INFO - Starting download: https://www.sebi.gov.in/sebi_data/attachdocs/1292585113260.pdf
2024-10-09 23:38:54,449 - INFO - Successfully downloaded https://www.sebi.gov.in/sebi_data/attachdocs/1292585113260.pdf
2024-10-09 23:38:54,450 - INFO - Starting download: https://ijtr.nic.in/Circular%20Orders%20(Supplement).pdf
2024-10-09 23:38:54,605 - ERROR - Failed to download https://ijtr.nic.in/Circular%20Orders%20(Supplement).pdf: HTTPSConnectionPool(host='ijtr.nic.in', port=443): Max retries exceeded with url: /Circular%20Orders%20(Supplement).pdf (Caused by SSLError(SSLCertVerificationError(1, '[SSL: CERTIFICATE_VERIFY_FAILED] certificate verify failed: unable to get local issuer certificate (_ssl.c:1000)')))
2024-10-09 23:38:54,605 - INFO - Starting download: https://enforcementdirectorate.gov.in/sites/default/files/Act%26rules/The%20Prevention%20of%20Money-laundering%20%28Maintenance%20of%20Records%29%20Rules%2C%202005.pdf
2024-10-09 23:39:07,127 - INFO - Successfully downloaded https://enforcementdirectorate.gov.in/sites/default/files/Act%26rules/The%20Prevention%20of%20Money-laundering%20%28Maintenance%20of%20Records%29%20Rules%2C%202005.pdf
2024-10-09 23:39:07,129 - INFO - Extracting text from: pdfs/20240716890312078.pdf
2024-10-09 23:39:07,142 - INFO - Extracting text from: pdfs/250883_english_01042024.pdf
2024-10-09 23:39:07,205 - INFO - Extracting text from: pdfs/PR60974A2ED1DFDB84EC0B3AABFB8419E1431.PDF
2024-10-09 23:39:07,234 - INFO - Extracting text from: pdfs/1292585113260.pdf
2024-10-09 23:39:07,284 - INFO - Extracting text from: pdfs/The%20Prevention%20of%20Money-laundering%20%28Maintenance%20of%20Records%29%20Rules%2C%202005.pdf
2024-10-09 23:39:07,965 - INFO - Data stored in MongoDB for pdfs/PR60974A2ED1DFDB84EC0B3AABFB8419E1431.PDF
2024-10-09 23:39:07,965 - INFO - Processed pdfs/PR60974A2ED1DFDB84EC0B3AABFB8419E1431.PDF in 0.76 seconds
2024-10-09 23:39:08,232 - INFO - Data stored in MongoDB for pdfs/1292585113260.pdf
2024-10-09 23:39:08,232 - INFO - Processed pdfs/1292585113260.pdf in 1.00 seconds
2024-10-09 23:39:08,460 - INFO - Data stored in MongoDB for pdfs/250883_english_01042024.pdf
2024-10-09 23:39:08,461 - INFO - Data stored in MongoDB for pdfs/The%20Prevention%20of%20Money-laundering%20%28Maintenance%20of%20Records%29%20Rules%2C%202005.pdf
2024-10-09 23:39:08,461 - INFO - Processed pdfs/250883_english_01042024.pdf in 1.32 seconds
2024-10-09 23:39:08,507 - INFO - Processed pdfs/The%20Prevention%20of%20Money-laundering%20%28Maintenance%20of%20Records%29%20Rules%2C%202005.pdf in 1.22 seconds
2024-10-09 23:39:08,739 - INFO - Data stored in MongoDB for pdfs/20240716890312078.pdf
2024-10-09 23:39:08,739 - INFO - Processed pdfs/20240716890312078.pdf in 1.61 seconds
2024-10-09 23:45:37,558 - ERROR - Failed to download https://digiscr.sci.gov.in/pdf_viewer?dir=YWRtaW4vanVkZ2VtZW50X2ZpbGUvanVkZ2VtZW50X3BkZi8xOTUwL3ZvbHVtZSAxL1BhcnQgSS9Db21taXNzaW9uZXIgb2YgSW5jb21lIFRheCwgV2VzdCBCZW5nYWxfQ2FsY3V0dGEgQWdlbmN5IEx0ZC5fMTY5NzYwNjMxMC5wZGY=: [Errno 22] Invalid argument: 'pdfs/pdf_viewer?dir=YWRtaW4vanVkZ2VtZW50X2ZpbGUvanVkZ2VtZW50X3BkZi8xOTUwL3ZvbHVtZSAxL1BhcnQgSS9Db21taXNzaW9uZXIgb2YgSW5jb21lIFRheCwgV2VzdCBCZW5nYWxfQ2FsY3V0dGEgQWdlbmN5IEx0ZC5fMTY5NzYwNjMxMC5wZGY='
2024-10-09 23:45:38,515 - ERROR - Failed to download https://digiscr.sci.gov.in/pdf_viewer?dir=YWRtaW4vanVkZ2VtZW50X2ZpbGUvanVkZ2VtZW50X3BkZi8xOTUyL3ZvbHVtZSAxL1BhcnQgSS90aGUgc3RhdGUgb2YgYmloYXJfbWFoYXJhamFkaGlyYWphIHNpciBrYW1lc2h3YXIgc2luZ2ggb2YgZGFyYmhhbmdhIGFuZCBvdGhlcnNfMTY5ODMxODQ0OC5wZGY=: [Errno 2] No such file or directory: 'pdfs/pdf_viewer?dir=YWRtaW4vanVkZ2VtZW50X2ZpbGUvanVkZ2VtZW50X3BkZi8xOTUyL3ZvbHVtZSAxL1BhcnQgSS90aGUgc3RhdGUgb2YgYmloYXJfbWFoYXJhamFkaGlyYWphIHNpciBrYW1lc2h3YXIgc2luZ2ggb2YgZGFyYmhhbmdhIGFuZCBvdGhlcnNfMTY5ODMxODQ0OC5wZGY='
2024-10-09 23:45:39,163 - INFO - Successfully downloaded https://cdnbbsr.s3waas.gov.in/s380537a945c7aaa788ccfcdf1b99b5d8f/uploads/2024/07/20240716890312078.pdf
2024-10-09 23:45:39,859 - INFO - Successfully downloaded https://www.mha.gov.in/sites/default/files/250883_english_01042024.pdf
2024-10-09 23:45:41,007 - INFO - Successfully downloaded https://rbidocs.rbi.org.in/rdocs/PressRelease/PDFs/PR60974A2ED1DFDB84EC0B3AABFB8419E1431.PDF
2024-10-09 23:45:41,614 - ERROR - Failed to download https://digiscr.sci.gov.in/pdf_viewer?dir=YWRtaW4vanVkZ2VtZW50X2ZpbGUvanVkZ2VtZW50X3BkZi8xOTYwL3ZvbHVtZSAxL1BhcnQgSS90aGUgdGF0YSBvaWwgbWlsbHMgY28uIGx0ZC5faXRzIHdvcmttZW4gYW5kIG90aGVyc18xNjk5MzMzODYyLnBkZg==: [Errno 22] Invalid argument: 'pdfs/pdf_viewer?dir=YWRtaW4vanVkZ2VtZW50X2ZpbGUvanVkZ2VtZW50X3BkZi8xOTYwL3ZvbHVtZSAxL1BhcnQgSS90aGUgdGF0YSBvaWwgbWlsbHMgY28uIGx0ZC5faXRzIHdvcmttZW4gYW5kIG90aGVyc18xNjk5MzMzODYyLnBkZg=='
2024-10-09 23:45:42,219 - ERROR - Failed to download https://digiscr.sci.gov.in/pdf_viewer?dir=YWRtaW4vanVkZ2VtZW50X2ZpbGUvanVkZ2VtZW50X3BkZi8xOTYwL3ZvbHVtZSAxL1BhcnQgSS9ncmVhdCBpbmRpYW4gbW90b3Igd29ya3MgbHRkLiwgYW5kIGFub3RoZXJfdGhlaXIgZW1wbG95ZWVzIGFuZCBvdGhlcnNfMTY5OTMzNjM1NS5wZGY=: [Errno 22] Invalid argument: 'pdfs/pdf_viewer?dir=YWRtaW4vanVkZ2VtZW50X2ZpbGUvanVkZ2VtZW50X3BkZi8xOTYwL3ZvbHVtZSAxL1BhcnQgSS9ncmVhdCBpbmRpYW4gbW90b3Igd29ya3MgbHRkLiwgYW5kIGFub3RoZXJfdGhlaXIgZW1wbG95ZWVzIGFuZCBvdGhlcnNfMTY5OTMzNjM1NS5wZGY='
2024-10-09 23:45:42,738 - ERROR - Failed to download https://digiscr.sci.gov.in/pdf_viewer?dir=YWRtaW4vanVkZ2VtZW50X2ZpbGUvanVkZ2VtZW50X3BkZi8xOTYwL3ZvbHVtZSAxL1BhcnQgSS9tZXNzcnMuIGlzcGFoYW5pIGx0ZC4gY2FsY3V0dGFfaXNwYWhhbmkgZW1wbG95ZWVzICB1bmlvbl8xNjk5MzM4NTQ5LnBkZg==: [Errno 22] Invalid argument: 'pdfs/pdf_viewer?dir=YWRtaW4vanVkZ2VtZW50X2ZpbGUvanVkZ2VtZW50X3BkZi8xOTYwL3ZvbHVtZSAxL1BhcnQgSS9tZXNzcnMuIGlzcGFoYW5pIGx0ZC4gY2FsY3V0dGFfaXNwYWhhbmkgZW1wbG95ZWVzICB1bmlvbl8xNjk5MzM4NTQ5LnBkZg=='
2024-10-09 23:45:43,253 - ERROR - Failed to download https://digiscr.sci.gov.in/pdf_viewer?dir=YWRtaW4vanVkZ2VtZW50X2ZpbGUvanVkZ2VtZW50X3BkZi8xOTYwL3ZvbHVtZSAxL1BhcnQgSS9waHVsYmFyaSB0ZWEgZXN0YXRlX2l0cyB3b3JrbWVuXzE2OTkzMzkyMjYucGRm: [Errno 22] Invalid argument: 'pdfs/pdf_viewer?dir=YWRtaW4vanVkZ2VtZW50X2ZpbGUvanVkZ2VtZW50X3BkZi8xOTYwL3ZvbHVtZSAxL1BhcnQgSS9waHVsYmFyaSB0ZWEgZXN0YXRlX2l0cyB3b3JrbWVuXzE2OTkzMzkyMjYucGRm'
2024-10-09 23:45:43,932 - ERROR - Failed to download https://digiscr.sci.gov.in/pdf_viewer?dir=YWRtaW4vanVkZ2VtZW50X2ZpbGUvanVkZ2VtZW50X3BkZi8xOTYwL3ZvbHVtZSAxL1BhcnQgSS90aGUgbG9yZCBrcmlzaG5hIHN1Z2FyIG1pbGxzIGx0ZC4sIGFuZCBhbm90aGVyX3RoZSB1bmlvbiBvZiBpbmRpYSBhbmQgYW5vdGhlcl8xNjk5MzQxMDE0LnBkZg==: [Errno 2] No such file or directory: 'pdfs/pdf_viewer?dir=YWRtaW4vanVkZ2VtZW50X2ZpbGUvanVkZ2VtZW50X3BkZi8xOTYwL3ZvbHVtZSAxL1BhcnQgSS90aGUgbG9yZCBrcmlzaG5hIHN1Z2FyIG1pbGxzIGx0ZC4sIGFuZCBhbm90aGVyX3RoZSB1bmlvbiBvZiBpbmRpYSBhbmQgYW5vdGhlcl8xNjk5MzQxMDE0LnBkZg=='
2024-10-09 23:45:44,512 - ERROR - Failed to download https://digiscr.sci.gov.in/pdf_viewer?dir=YWRtaW4vanVkZ2VtZW50X2ZpbGUvanVkZ2VtZW50X3BkZi8xOTYwL3ZvbHVtZSAxL1BhcnQgSS8xNjk5NTIxMzUwLnBkZg==: [Errno 22] Invalid argument: 'pdfs/pdf_viewer?dir=YWRtaW4vanVkZ2VtZW50X2ZpbGUvanVkZ2VtZW50X3BkZi8xOTYwL3ZvbHVtZSAxL1BhcnQgSS8xNjk5NTIxMzUwLnBkZg=='
2024-10-09 23:45:45,014 - ERROR - Failed to download https://digiscr.sci.gov.in/pdf_viewer?dir=YWRtaW4vanVkZ2VtZW50X2ZpbGUvanVkZ2VtZW50X3BkZi8xOTYwL3ZvbHVtZSAxL1BhcnQgSS90aGUgZ3JhaGFtIHRyYWRpbmcgY28uIChpbmRpYSkgbHRkLl9pdHMgd29ya21lbl8xNjk5NTIzNTc3LnBkZg==: [Errno 22] Invalid argument: 'pdfs/pdf_viewer?dir=YWRtaW4vanVkZ2VtZW50X2ZpbGUvanVkZ2VtZW50X3BkZi8xOTYwL3ZvbHVtZSAxL1BhcnQgSS90aGUgZ3JhaGFtIHRyYWRpbmcgY28uIChpbmRpYSkgbHRkLl9pdHMgd29ya21lbl8xNjk5NTIzNTc3LnBkZg=='
2024-10-09 23:45:45,597 - ERROR - Failed to download https://digiscr.sci.gov.in/pdf_viewer?dir=YWRtaW4vanVkZ2VtZW50X2ZpbGUvanVkZ2VtZW50X3BkZi8xOTYwL3ZvbHVtZSAxL1BhcnQgSS90aGUgY29tbWlzc2lvbmVyIG9mIGluY29tZS10YXgsIGJvbWJheV9yYW5jaGhvZGRhcyBrYXJzb25kYXMsIGJvbWJheV8xNjk5NTI2MjI3LnBkZg==: [Errno 22] Invalid argument: 'pdfs/pdf_viewer?dir=YWRtaW4vanVkZ2VtZW50X2ZpbGUvanVkZ2VtZW50X3BkZi8xOTYwL3ZvbHVtZSAxL1BhcnQgSS90aGUgY29tbWlzc2lvbmVyIG9mIGluY29tZS10YXgsIGJvbWJheV9yYW5jaGhvZGRhcyBrYXJzb25kYXMsIGJvbWJheV8xNjk5NTI2MjI3LnBkZg=='
2024-10-09 23:45:46,146 - ERROR - Failed to download https://digiscr.sci.gov.in/pdf_viewer?dir=YWRtaW4vanVkZ2VtZW50X2ZpbGUvanVkZ2VtZW50X3BkZi8xOTYwL3ZvbHVtZSAxL1BhcnQgSS8xNjk5NTI2ODA0LnBkZg==: [Errno 22] Invalid argument: 'pdfs/pdf_viewer?dir=YWRtaW4vanVkZ2VtZW50X2ZpbGUvanVkZ2VtZW50X3BkZi8xOTYwL3ZvbHVtZSAxL1BhcnQgSS8xNjk5NTI2ODA0LnBkZg=='
2024-10-09 23:45:46,720 - ERROR - Failed to download https://digiscr.sci.gov.in/pdf_viewer?dir=YWRtaW4vanVkZ2VtZW50X2ZpbGUvanVkZ2VtZW50X3BkZi8xOTYwL3ZvbHVtZSAxL1BhcnQgSS9zaHJpIGIuIHAuIGhpcmEsIHdvcmtzIG1hbmFnZXIsIGNlbnRyYWwgcmFpbHdheSwgcGFyZWwsIGJvbWJheSBldGMuX3NocmkgYy4gbS4gcHJhZGhhbiBldGMuXzE2OTk1MjcyMTcucGRm: [Errno 2] No such file or directory: 'pdfs/pdf_viewer?dir=YWRtaW4vanVkZ2VtZW50X2ZpbGUvanVkZ2VtZW50X3BkZi8xOTYwL3ZvbHVtZSAxL1BhcnQgSS9zaHJpIGIuIHAuIGhpcmEsIHdvcmtzIG1hbmFnZXIsIGNlbnRyYWwgcmFpbHdheSwgcGFyZWwsIGJvbWJheSBldGMuX3NocmkgYy4gbS4gcHJhZGhhbiBldGMuXzE2OTk1MjcyMTcucGRm'
2024-10-09 23:45:52,023 - INFO - Successfully downloaded https://www.sebi.gov.in/sebi_data/attachdocs/1292585113260.pdf
2024-10-09 23:45:52,249 - ERROR - SSL Certificate Error while downloading https://ijtr.nic.in/Circular%20Orders%20(Supplement).pdf: HTTPSConnectionPool(host='ijtr.nic.in', port=443): Max retries exceeded with url: /Circular%20Orders%20(Supplement).pdf (Caused by SSLError(SSLCertVerificationError(1, '[SSL: CERTIFICATE_VERIFY_FAILED] certificate verify failed: unable to get local issuer certificate (_ssl.c:1000)')))
2024-10-09 23:46:02,861 - INFO - Successfully downloaded https://enforcementdirectorate.gov.in/sites/default/files/Act%26rules/The%20Prevention%20of%20Money-laundering%20%28Maintenance%20of%20Records%29%20Rules%2C%202005.pdf
2024-10-09 23:46:03,447 - INFO - Data stored in MongoDB for pdfs/PR60974A2ED1DFDB84EC0B3AABFB8419E1431.PDF
2024-10-09 23:46:03,492 - INFO - Processed pdfs/PR60974A2ED1DFDB84EC0B3AABFB8419E1431.PDF in 0.59 seconds
2024-10-09 23:46:03,893 - INFO - Data stored in MongoDB for pdfs/The%20Prevention%20of%20Money-laundering%20%28Maintenance%20of%20Records%29%20Rules%2C%202005.pdf
2024-10-09 23:46:03,893 - INFO - Processed pdfs/The%20Prevention%20of%20Money-laundering%20%28Maintenance%20of%20Records%29%20Rules%2C%202005.pdf in 0.83 seconds
2024-10-09 23:46:04,064 - INFO - Data stored in MongoDB for pdfs/1292585113260.pdf
2024-10-09 23:46:04,064 - INFO - Processed pdfs/1292585113260.pdf in 1.09 seconds
2024-10-09 23:46:04,158 - INFO - Data stored in MongoDB for pdfs/250883_english_01042024.pdf
2024-10-09 23:46:04,158 - INFO - Processed pdfs/250883_english_01042024.pdf in 1.28 seconds
2024-10-09 23:46:04,512 - INFO - Data stored in MongoDB for pdfs/20240716890312078.pdf
2024-10-09 23:46:04,512 - INFO - Processed pdfs/20240716890312078.pdf in 1.65 seconds
2024-10-09 23:47:58,049 - ERROR - Failed to download https://digiscr.sci.gov.in/pdf_viewer?dir=YWRtaW4vanVkZ2VtZW50X2ZpbGUvanVkZ2VtZW50X3BkZi8xOTUwL3ZvbHVtZSAxL1BhcnQgSS9Db21taXNzaW9uZXIgb2YgSW5jb21lIFRheCwgV2VzdCBCZW5nYWxfQ2FsY3V0dGEgQWdlbmN5IEx0ZC5fMTY5NzYwNjMxMC5wZGY=: [Errno 22] Invalid argument: 'pdfs/pdf_viewer?dir=YWRtaW4vanVkZ2VtZW50X2ZpbGUvanVkZ2VtZW50X3BkZi8xOTUwL3ZvbHVtZSAxL1BhcnQgSS9Db21taXNzaW9uZXIgb2YgSW5jb21lIFRheCwgV2VzdCBCZW5nYWxfQ2FsY3V0dGEgQWdlbmN5IEx0ZC5fMTY5NzYwNjMxMC5wZGY='
2024-10-09 23:47:59,797 - ERROR - Failed to download https://digiscr.sci.gov.in/pdf_viewer?dir=YWRtaW4vanVkZ2VtZW50X2ZpbGUvanVkZ2VtZW50X3BkZi8xOTUyL3ZvbHVtZSAxL1BhcnQgSS90aGUgc3RhdGUgb2YgYmloYXJfbWFoYXJhamFkaGlyYWphIHNpciBrYW1lc2h3YXIgc2luZ2ggb2YgZGFyYmhhbmdhIGFuZCBvdGhlcnNfMTY5ODMxODQ0OC5wZGY=: [Errno 2] No such file or directory: 'pdfs/pdf_viewer?dir=YWRtaW4vanVkZ2VtZW50X2ZpbGUvanVkZ2VtZW50X3BkZi8xOTUyL3ZvbHVtZSAxL1BhcnQgSS90aGUgc3RhdGUgb2YgYmloYXJfbWFoYXJhamFkaGlyYWphIHNpciBrYW1lc2h3YXIgc2luZ2ggb2YgZGFyYmhhbmdhIGFuZCBvdGhlcnNfMTY5ODMxODQ0OC5wZGY='
2024-10-09 23:48:00,473 - INFO - Successfully downloaded https://cdnbbsr.s3waas.gov.in/s380537a945c7aaa788ccfcdf1b99b5d8f/uploads/2024/07/20240716890312078.pdf
2024-10-09 23:48:01,082 - INFO - Successfully downloaded https://www.mha.gov.in/sites/default/files/250883_english_01042024.pdf
2024-10-09 23:48:02,649 - INFO - Successfully downloaded https://rbidocs.rbi.org.in/rdocs/PressRelease/PDFs/PR60974A2ED1DFDB84EC0B3AABFB8419E1431.PDF
2024-10-09 23:48:03,207 - ERROR - Failed to download https://digiscr.sci.gov.in/pdf_viewer?dir=YWRtaW4vanVkZ2VtZW50X2ZpbGUvanVkZ2VtZW50X3BkZi8xOTYwL3ZvbHVtZSAxL1BhcnQgSS90aGUgdGF0YSBvaWwgbWlsbHMgY28uIGx0ZC5faXRzIHdvcmttZW4gYW5kIG90aGVyc18xNjk5MzMzODYyLnBkZg==: [Errno 22] Invalid argument: 'pdfs/pdf_viewer?dir=YWRtaW4vanVkZ2VtZW50X2ZpbGUvanVkZ2VtZW50X3BkZi8xOTYwL3ZvbHVtZSAxL1BhcnQgSS90aGUgdGF0YSBvaWwgbWlsbHMgY28uIGx0ZC5faXRzIHdvcmttZW4gYW5kIG90aGVyc18xNjk5MzMzODYyLnBkZg=='
2024-10-09 23:48:04,229 - ERROR - Failed to download https://digiscr.sci.gov.in/pdf_viewer?dir=YWRtaW4vanVkZ2VtZW50X2ZpbGUvanVkZ2VtZW50X3BkZi8xOTYwL3ZvbHVtZSAxL1BhcnQgSS9ncmVhdCBpbmRpYW4gbW90b3Igd29ya3MgbHRkLiwgYW5kIGFub3RoZXJfdGhlaXIgZW1wbG95ZWVzIGFuZCBvdGhlcnNfMTY5OTMzNjM1NS5wZGY=: [Errno 22] Invalid argument: 'pdfs/pdf_viewer?dir=YWRtaW4vanVkZ2VtZW50X2ZpbGUvanVkZ2VtZW50X3BkZi8xOTYwL3ZvbHVtZSAxL1BhcnQgSS9ncmVhdCBpbmRpYW4gbW90b3Igd29ya3MgbHRkLiwgYW5kIGFub3RoZXJfdGhlaXIgZW1wbG95ZWVzIGFuZCBvdGhlcnNfMTY5OTMzNjM1NS5wZGY='
2024-10-09 23:48:04,770 - ERROR - Failed to download https://digiscr.sci.gov.in/pdf_viewer?dir=YWRtaW4vanVkZ2VtZW50X2ZpbGUvanVkZ2VtZW50X3BkZi8xOTYwL3ZvbHVtZSAxL1BhcnQgSS9tZXNzcnMuIGlzcGFoYW5pIGx0ZC4gY2FsY3V0dGFfaXNwYWhhbmkgZW1wbG95ZWVzICB1bmlvbl8xNjk5MzM4NTQ5LnBkZg==: [Errno 22] Invalid argument: 'pdfs/pdf_viewer?dir=YWRtaW4vanVkZ2VtZW50X2ZpbGUvanVkZ2VtZW50X3BkZi8xOTYwL3ZvbHVtZSAxL1BhcnQgSS9tZXNzcnMuIGlzcGFoYW5pIGx0ZC4gY2FsY3V0dGFfaXNwYWhhbmkgZW1wbG95ZWVzICB1bmlvbl8xNjk5MzM4NTQ5LnBkZg=='
2024-10-09 23:48:05,297 - ERROR - Failed to download https://digiscr.sci.gov.in/pdf_viewer?dir=YWRtaW4vanVkZ2VtZW50X2ZpbGUvanVkZ2VtZW50X3BkZi8xOTYwL3ZvbHVtZSAxL1BhcnQgSS9waHVsYmFyaSB0ZWEgZXN0YXRlX2l0cyB3b3JrbWVuXzE2OTkzMzkyMjYucGRm: [Errno 22] Invalid argument: 'pdfs/pdf_viewer?dir=YWRtaW4vanVkZ2VtZW50X2ZpbGUvanVkZ2VtZW50X3BkZi8xOTYwL3ZvbHVtZSAxL1BhcnQgSS9waHVsYmFyaSB0ZWEgZXN0YXRlX2l0cyB3b3JrbWVuXzE2OTkzMzkyMjYucGRm'
2024-10-09 23:48:05,997 - ERROR - Failed to download https://digiscr.sci.gov.in/pdf_viewer?dir=YWRtaW4vanVkZ2VtZW50X2ZpbGUvanVkZ2VtZW50X3BkZi8xOTYwL3ZvbHVtZSAxL1BhcnQgSS90aGUgbG9yZCBrcmlzaG5hIHN1Z2FyIG1pbGxzIGx0ZC4sIGFuZCBhbm90aGVyX3RoZSB1bmlvbiBvZiBpbmRpYSBhbmQgYW5vdGhlcl8xNjk5MzQxMDE0LnBkZg==: [Errno 2] No such file or directory: 'pdfs/pdf_viewer?dir=YWRtaW4vanVkZ2VtZW50X2ZpbGUvanVkZ2VtZW50X3BkZi8xOTYwL3ZvbHVtZSAxL1BhcnQgSS90aGUgbG9yZCBrcmlzaG5hIHN1Z2FyIG1pbGxzIGx0ZC4sIGFuZCBhbm90aGVyX3RoZSB1bmlvbiBvZiBpbmRpYSBhbmQgYW5vdGhlcl8xNjk5MzQxMDE0LnBkZg=='
2024-10-09 23:48:06,573 - ERROR - Failed to download https://digiscr.sci.gov.in/pdf_viewer?dir=YWRtaW4vanVkZ2VtZW50X2ZpbGUvanVkZ2VtZW50X3BkZi8xOTYwL3ZvbHVtZSAxL1BhcnQgSS8xNjk5NTIxMzUwLnBkZg==: [Errno 22] Invalid argument: 'pdfs/pdf_viewer?dir=YWRtaW4vanVkZ2VtZW50X2ZpbGUvanVkZ2VtZW50X3BkZi8xOTYwL3ZvbHVtZSAxL1BhcnQgSS8xNjk5NTIxMzUwLnBkZg=='
2024-10-09 23:48:07,049 - ERROR - Failed to download https://digiscr.sci.gov.in/pdf_viewer?dir=YWRtaW4vanVkZ2VtZW50X2ZpbGUvanVkZ2VtZW50X3BkZi8xOTYwL3ZvbHVtZSAxL1BhcnQgSS90aGUgZ3JhaGFtIHRyYWRpbmcgY28uIChpbmRpYSkgbHRkLl9pdHMgd29ya21lbl8xNjk5NTIzNTc3LnBkZg==: [Errno 22] Invalid argument: 'pdfs/pdf_viewer?dir=YWRtaW4vanVkZ2VtZW50X2ZpbGUvanVkZ2VtZW50X3BkZi8xOTYwL3ZvbHVtZSAxL1BhcnQgSS90aGUgZ3JhaGFtIHRyYWRpbmcgY28uIChpbmRpYSkgbHRkLl9pdHMgd29ya21lbl8xNjk5NTIzNTc3LnBkZg=='
2024-10-09 23:48:07,619 - ERROR - Failed to download https://digiscr.sci.gov.in/pdf_viewer?dir=YWRtaW4vanVkZ2VtZW50X2ZpbGUvanVkZ2VtZW50X3BkZi8xOTYwL3ZvbHVtZSAxL1BhcnQgSS90aGUgY29tbWlzc2lvbmVyIG9mIGluY29tZS10YXgsIGJvbWJheV9yYW5jaGhvZGRhcyBrYXJzb25kYXMsIGJvbWJheV8xNjk5NTI2MjI3LnBkZg==: [Errno 22] Invalid argument: 'pdfs/pdf_viewer?dir=YWRtaW4vanVkZ2VtZW50X2ZpbGUvanVkZ2VtZW50X3BkZi8xOTYwL3ZvbHVtZSAxL1BhcnQgSS90aGUgY29tbWlzc2lvbmVyIG9mIGluY29tZS10YXgsIGJvbWJheV9yYW5jaGhvZGRhcyBrYXJzb25kYXMsIGJvbWJheV8xNjk5NTI2MjI3LnBkZg=='
2024-10-09 23:48:08,170 - ERROR - Failed to download https://digiscr.sci.gov.in/pdf_viewer?dir=YWRtaW4vanVkZ2VtZW50X2ZpbGUvanVkZ2VtZW50X3BkZi8xOTYwL3ZvbHVtZSAxL1BhcnQgSS8xNjk5NTI2ODA0LnBkZg==: [Errno 22] Invalid argument: 'pdfs/pdf_viewer?dir=YWRtaW4vanVkZ2VtZW50X2ZpbGUvanVkZ2VtZW50X3BkZi8xOTYwL3ZvbHVtZSAxL1BhcnQgSS8xNjk5NTI2ODA0LnBkZg=='
2024-10-09 23:48:09,241 - ERROR - Failed to download https://digiscr.sci.gov.in/pdf_viewer?dir=YWRtaW4vanVkZ2VtZW50X2ZpbGUvanVkZ2VtZW50X3BkZi8xOTYwL3ZvbHVtZSAxL1BhcnQgSS9zaHJpIGIuIHAuIGhpcmEsIHdvcmtzIG1hbmFnZXIsIGNlbnRyYWwgcmFpbHdheSwgcGFyZWwsIGJvbWJheSBldGMuX3NocmkgYy4gbS4gcHJhZGhhbiBldGMuXzE2OTk1MjcyMTcucGRm: [Errno 2] No such file or directory: 'pdfs/pdf_viewer?dir=YWRtaW4vanVkZ2VtZW50X2ZpbGUvanVkZ2VtZW50X3BkZi8xOTYwL3ZvbHVtZSAxL1BhcnQgSS9zaHJpIGIuIHAuIGhpcmEsIHdvcmtzIG1hbmFnZXIsIGNlbnRyYWwgcmFpbHdheSwgcGFyZWwsIGJvbWJheSBldGMuX3NocmkgYy4gbS4gcHJhZGhhbiBldGMuXzE2OTk1MjcyMTcucGRm'
2024-10-09 23:48:09,832 - INFO - Successfully downloaded https://www.sebi.gov.in/sebi_data/attachdocs/1292585113260.pdf
2024-10-09 23:48:09,990 - ERROR - SSL Certificate Error while downloading https://ijtr.nic.in/Circular%20Orders%20(Supplement).pdf: HTTPSConnectionPool(host='ijtr.nic.in', port=443): Max retries exceeded with url: /Circular%20Orders%20(Supplement).pdf (Caused by SSLError(SSLCertVerificationError(1, '[SSL: CERTIFICATE_VERIFY_FAILED] certificate verify failed: unable to get local issuer certificate (_ssl.c:1000)')))
2024-10-09 23:48:13,942 - INFO - Successfully downloaded https://enforcementdirectorate.gov.in/sites/default/files/Act%26rules/The%20Prevention%20of%20Money-laundering%20%28Maintenance%20of%20Records%29%20Rules%2C%202005.pdf
2024-10-09 23:48:14,786 - INFO - Data stored in MongoDB for pdfs/PR60974A2ED1DFDB84EC0B3AABFB8419E1431.PDF
2024-10-09 23:48:14,786 - INFO - Processed pdfs/PR60974A2ED1DFDB84EC0B3AABFB8419E1431.PDF in 0.65 seconds
2024-10-09 23:48:14,928 - INFO - Data stored in MongoDB for pdfs/1292585113260.pdf
2024-10-09 23:48:14,928 - INFO - Processed pdfs/1292585113260.pdf in 0.78 seconds
2024-10-09 23:48:15,003 - INFO - Data stored in MongoDB for pdfs/The%20Prevention%20of%20Money-laundering%20%28Maintenance%20of%20Records%29%20Rules%2C%202005.pdf
2024-10-09 23:48:15,004 - INFO - Processed pdfs/The%20Prevention%20of%20Money-laundering%20%28Maintenance%20of%20Records%29%20Rules%2C%202005.pdf in 0.76 seconds
2024-10-09 23:48:15,311 - INFO - Data stored in MongoDB for pdfs/250883_english_01042024.pdf
2024-10-09 23:48:15,312 - INFO - Processed pdfs/250883_english_01042024.pdf in 1.37 seconds
2024-10-09 23:48:15,387 - INFO - Data stored in MongoDB for pdfs/20240716890312078.pdf
2024-10-09 23:48:15,387 - INFO - Processed pdfs/20240716890312078.pdf in 1.44 seconds
2024-10-10 00:09:13,173 - INFO - Starting download: https://digiscr.sci.gov.in/pdf_viewer?dir=YWRtaW4vanVkZ2VtZW50X2ZpbGUvanVkZ2VtZW50X3BkZi8xOTUwL3ZvbHVtZSAxL1BhcnQgSS9Db21taXNzaW9uZXIgb2YgSW5jb21lIFRheCwgV2VzdCBCZW5nYWxfQ2FsY3V0dGEgQWdlbmN5IEx0ZC5fMTY5NzYwNjMxMC5wZGY=
2024-10-10 00:09:14,584 - ERROR - Unexpected error while downloading https://digiscr.sci.gov.in/pdf_viewer?dir=YWRtaW4vanVkZ2VtZW50X2ZpbGUvanVkZ2VtZW50X3BkZi8xOTUwL3ZvbHVtZSAxL1BhcnQgSS9Db21taXNzaW9uZXIgb2YgSW5jb21lIFRheCwgV2VzdCBCZW5nYWxfQ2FsY3V0dGEgQWdlbmN5IEx0ZC5fMTY5NzYwNjMxMC5wZGY=: [Errno 22] Invalid argument: 'pdfs/pdf_viewer?dir=YWRtaW4vanVkZ2VtZW50X2ZpbGUvanVkZ2VtZW50X3BkZi8xOTUwL3ZvbHVtZSAxL1BhcnQgSS9Db21taXNzaW9uZXIgb2YgSW5jb21lIFRheCwgV2VzdCBCZW5nYWxfQ2FsY3V0dGEgQWdlbmN5IEx0ZC5fMTY5NzYwNjMxMC5wZGY='
2024-10-10 00:09:14,584 - INFO - Starting download: https://digiscr.sci.gov.in/pdf_viewer?dir=YWRtaW4vanVkZ2VtZW50X2ZpbGUvanVkZ2VtZW50X3BkZi8xOTUyL3ZvbHVtZSAxL1BhcnQgSS90aGUgc3RhdGUgb2YgYmloYXJfbWFoYXJhamFkaGlyYWphIHNpciBrYW1lc2h3YXIgc2luZ2ggb2YgZGFyYmhhbmdhIGFuZCBvdGhlcnNfMTY5ODMxODQ0OC5wZGY=
2024-10-10 00:09:15,591 - ERROR - Unexpected error while downloading https://digiscr.sci.gov.in/pdf_viewer?dir=YWRtaW4vanVkZ2VtZW50X2ZpbGUvanVkZ2VtZW50X3BkZi8xOTUyL3ZvbHVtZSAxL1BhcnQgSS90aGUgc3RhdGUgb2YgYmloYXJfbWFoYXJhamFkaGlyYWphIHNpciBrYW1lc2h3YXIgc2luZ2ggb2YgZGFyYmhhbmdhIGFuZCBvdGhlcnNfMTY5ODMxODQ0OC5wZGY=: [Errno 2] No such file or directory: 'pdfs/pdf_viewer?dir=YWRtaW4vanVkZ2VtZW50X2ZpbGUvanVkZ2VtZW50X3BkZi8xOTUyL3ZvbHVtZSAxL1BhcnQgSS90aGUgc3RhdGUgb2YgYmloYXJfbWFoYXJhamFkaGlyYWphIHNpciBrYW1lc2h3YXIgc2luZ2ggb2YgZGFyYmhhbmdhIGFuZCBvdGhlcnNfMTY5ODMxODQ0OC5wZGY='
2024-10-10 00:09:15,593 - INFO - Starting download: https://cdnbbsr.s3waas.gov.in/s380537a945c7aaa788ccfcdf1b99b5d8f/uploads/2024/07/20240716890312078.pdf
2024-10-10 00:09:16,252 - INFO - Successfully downloaded https://cdnbbsr.s3waas.gov.in/s380537a945c7aaa788ccfcdf1b99b5d8f/uploads/2024/07/20240716890312078.pdf
2024-10-10 00:09:16,252 - INFO - Starting download: https://www.mha.gov.in/sites/default/files/250883_english_01042024.pdf
2024-10-10 00:09:17,325 - INFO - Successfully downloaded https://www.mha.gov.in/sites/default/files/250883_english_01042024.pdf
2024-10-10 00:09:17,325 - INFO - Starting download: https://rbidocs.rbi.org.in/rdocs/PressRelease/PDFs/PR60974A2ED1DFDB84EC0B3AABFB8419E1431.PDF
2024-10-10 00:09:26,029 - INFO - Successfully downloaded https://rbidocs.rbi.org.in/rdocs/PressRelease/PDFs/PR60974A2ED1DFDB84EC0B3AABFB8419E1431.PDF
2024-10-10 00:09:26,029 - INFO - Starting download: https://digiscr.sci.gov.in/pdf_viewer?dir=YWRtaW4vanVkZ2VtZW50X2ZpbGUvanVkZ2VtZW50X3BkZi8xOTYwL3ZvbHVtZSAxL1BhcnQgSS90aGUgdGF0YSBvaWwgbWlsbHMgY28uIGx0ZC5faXRzIHdvcmttZW4gYW5kIG90aGVyc18xNjk5MzMzODYyLnBkZg==
2024-10-10 00:09:26,557 - ERROR - Unexpected error while downloading https://digiscr.sci.gov.in/pdf_viewer?dir=YWRtaW4vanVkZ2VtZW50X2ZpbGUvanVkZ2VtZW50X3BkZi8xOTYwL3ZvbHVtZSAxL1BhcnQgSS90aGUgdGF0YSBvaWwgbWlsbHMgY28uIGx0ZC5faXRzIHdvcmttZW4gYW5kIG90aGVyc18xNjk5MzMzODYyLnBkZg==: [Errno 22] Invalid argument: 'pdfs/pdf_viewer?dir=YWRtaW4vanVkZ2VtZW50X2ZpbGUvanVkZ2VtZW50X3BkZi8xOTYwL3ZvbHVtZSAxL1BhcnQgSS90aGUgdGF0YSBvaWwgbWlsbHMgY28uIGx0ZC5faXRzIHdvcmttZW4gYW5kIG90aGVyc18xNjk5MzMzODYyLnBkZg=='
2024-10-10 00:09:26,557 - INFO - Starting download: https://digiscr.sci.gov.in/pdf_viewer?dir=YWRtaW4vanVkZ2VtZW50X2ZpbGUvanVkZ2VtZW50X3BkZi8xOTYwL3ZvbHVtZSAxL1BhcnQgSS9ncmVhdCBpbmRpYW4gbW90b3Igd29ya3MgbHRkLiwgYW5kIGFub3RoZXJfdGhlaXIgZW1wbG95ZWVzIGFuZCBvdGhlcnNfMTY5OTMzNjM1NS5wZGY=
2024-10-10 00:09:27,146 - ERROR - Unexpected error while downloading https://digiscr.sci.gov.in/pdf_viewer?dir=YWRtaW4vanVkZ2VtZW50X2ZpbGUvanVkZ2VtZW50X3BkZi8xOTYwL3ZvbHVtZSAxL1BhcnQgSS9ncmVhdCBpbmRpYW4gbW90b3Igd29ya3MgbHRkLiwgYW5kIGFub3RoZXJfdGhlaXIgZW1wbG95ZWVzIGFuZCBvdGhlcnNfMTY5OTMzNjM1NS5wZGY=: [Errno 22] Invalid argument: 'pdfs/pdf_viewer?dir=YWRtaW4vanVkZ2VtZW50X2ZpbGUvanVkZ2VtZW50X3BkZi8xOTYwL3ZvbHVtZSAxL1BhcnQgSS9ncmVhdCBpbmRpYW4gbW90b3Igd29ya3MgbHRkLiwgYW5kIGFub3RoZXJfdGhlaXIgZW1wbG95ZWVzIGFuZCBvdGhlcnNfMTY5OTMzNjM1NS5wZGY='
2024-10-10 00:09:27,147 - INFO - Starting download: https://digiscr.sci.gov.in/pdf_viewer?dir=YWRtaW4vanVkZ2VtZW50X2ZpbGUvanVkZ2VtZW50X3BkZi8xOTYwL3ZvbHVtZSAxL1BhcnQgSS9tZXNzcnMuIGlzcGFoYW5pIGx0ZC4gY2FsY3V0dGFfaXNwYWhhbmkgZW1wbG95ZWVzICB1bmlvbl8xNjk5MzM4NTQ5LnBkZg==
2024-10-10 00:09:28,152 - ERROR - Unexpected error while downloading https://digiscr.sci.gov.in/pdf_viewer?dir=YWRtaW4vanVkZ2VtZW50X2ZpbGUvanVkZ2VtZW50X3BkZi8xOTYwL3ZvbHVtZSAxL1BhcnQgSS9tZXNzcnMuIGlzcGFoYW5pIGx0ZC4gY2FsY3V0dGFfaXNwYWhhbmkgZW1wbG95ZWVzICB1bmlvbl8xNjk5MzM4NTQ5LnBkZg==: [Errno 22] Invalid argument: 'pdfs/pdf_viewer?dir=YWRtaW4vanVkZ2VtZW50X2ZpbGUvanVkZ2VtZW50X3BkZi8xOTYwL3ZvbHVtZSAxL1BhcnQgSS9tZXNzcnMuIGlzcGFoYW5pIGx0ZC4gY2FsY3V0dGFfaXNwYWhhbmkgZW1wbG95ZWVzICB1bmlvbl8xNjk5MzM4NTQ5LnBkZg=='
2024-10-10 00:09:28,153 - INFO - Starting download: https://digiscr.sci.gov.in/pdf_viewer?dir=YWRtaW4vanVkZ2VtZW50X2ZpbGUvanVkZ2VtZW50X3BkZi8xOTYwL3ZvbHVtZSAxL1BhcnQgSS9waHVsYmFyaSB0ZWEgZXN0YXRlX2l0cyB3b3JrbWVuXzE2OTkzMzkyMjYucGRm
2024-10-10 00:09:28,678 - ERROR - Unexpected error while downloading https://digiscr.sci.gov.in/pdf_viewer?dir=YWRtaW4vanVkZ2VtZW50X2ZpbGUvanVkZ2VtZW50X3BkZi8xOTYwL3ZvbHVtZSAxL1BhcnQgSS9waHVsYmFyaSB0ZWEgZXN0YXRlX2l0cyB3b3JrbWVuXzE2OTkzMzkyMjYucGRm: [Errno 22] Invalid argument: 'pdfs/pdf_viewer?dir=YWRtaW4vanVkZ2VtZW50X2ZpbGUvanVkZ2VtZW50X3BkZi8xOTYwL3ZvbHVtZSAxL1BhcnQgSS9waHVsYmFyaSB0ZWEgZXN0YXRlX2l0cyB3b3JrbWVuXzE2OTkzMzkyMjYucGRm'
2024-10-10 00:09:28,678 - INFO - Starting download: https://digiscr.sci.gov.in/pdf_viewer?dir=YWRtaW4vanVkZ2VtZW50X2ZpbGUvanVkZ2VtZW50X3BkZi8xOTYwL3ZvbHVtZSAxL1BhcnQgSS90aGUgbG9yZCBrcmlzaG5hIHN1Z2FyIG1pbGxzIGx0ZC4sIGFuZCBhbm90aGVyX3RoZSB1bmlvbiBvZiBpbmRpYSBhbmQgYW5vdGhlcl8xNjk5MzQxMDE0LnBkZg==
2024-10-10 00:09:29,407 - ERROR - Unexpected error while downloading https://digiscr.sci.gov.in/pdf_viewer?dir=YWRtaW4vanVkZ2VtZW50X2ZpbGUvanVkZ2VtZW50X3BkZi8xOTYwL3ZvbHVtZSAxL1BhcnQgSS90aGUgbG9yZCBrcmlzaG5hIHN1Z2FyIG1pbGxzIGx0ZC4sIGFuZCBhbm90aGVyX3RoZSB1bmlvbiBvZiBpbmRpYSBhbmQgYW5vdGhlcl8xNjk5MzQxMDE0LnBkZg==: [Errno 2] No such file or directory: 'pdfs/pdf_viewer?dir=YWRtaW4vanVkZ2VtZW50X2ZpbGUvanVkZ2VtZW50X3BkZi8xOTYwL3ZvbHVtZSAxL1BhcnQgSS90aGUgbG9yZCBrcmlzaG5hIHN1Z2FyIG1pbGxzIGx0ZC4sIGFuZCBhbm90aGVyX3RoZSB1bmlvbiBvZiBpbmRpYSBhbmQgYW5vdGhlcl8xNjk5MzQxMDE0LnBkZg=='
2024-10-10 00:09:29,407 - INFO - Starting download: https://digiscr.sci.gov.in/pdf_viewer?dir=YWRtaW4vanVkZ2VtZW50X2ZpbGUvanVkZ2VtZW50X3BkZi8xOTYwL3ZvbHVtZSAxL1BhcnQgSS8xNjk5NTIxMzUwLnBkZg==
2024-10-10 00:09:29,951 - ERROR - Unexpected error while downloading https://digiscr.sci.gov.in/pdf_viewer?dir=YWRtaW4vanVkZ2VtZW50X2ZpbGUvanVkZ2VtZW50X3BkZi8xOTYwL3ZvbHVtZSAxL1BhcnQgSS8xNjk5NTIxMzUwLnBkZg==: [Errno 22] Invalid argument: 'pdfs/pdf_viewer?dir=YWRtaW4vanVkZ2VtZW50X2ZpbGUvanVkZ2VtZW50X3BkZi8xOTYwL3ZvbHVtZSAxL1BhcnQgSS8xNjk5NTIxMzUwLnBkZg=='
2024-10-10 00:09:29,952 - INFO - Starting download: https://digiscr.sci.gov.in/pdf_viewer?dir=YWRtaW4vanVkZ2VtZW50X2ZpbGUvanVkZ2VtZW50X3BkZi8xOTYwL3ZvbHVtZSAxL1BhcnQgSS90aGUgZ3JhaGFtIHRyYWRpbmcgY28uIChpbmRpYSkgbHRkLl9pdHMgd29ya21lbl8xNjk5NTIzNTc3LnBkZg==
2024-10-10 00:09:30,488 - ERROR - Unexpected error while downloading https://digiscr.sci.gov.in/pdf_viewer?dir=YWRtaW4vanVkZ2VtZW50X2ZpbGUvanVkZ2VtZW50X3BkZi8xOTYwL3ZvbHVtZSAxL1BhcnQgSS90aGUgZ3JhaGFtIHRyYWRpbmcgY28uIChpbmRpYSkgbHRkLl9pdHMgd29ya21lbl8xNjk5NTIzNTc3LnBkZg==: [Errno 22] Invalid argument: 'pdfs/pdf_viewer?dir=YWRtaW4vanVkZ2VtZW50X2ZpbGUvanVkZ2VtZW50X3BkZi8xOTYwL3ZvbHVtZSAxL1BhcnQgSS90aGUgZ3JhaGFtIHRyYWRpbmcgY28uIChpbmRpYSkgbHRkLl9pdHMgd29ya21lbl8xNjk5NTIzNTc3LnBkZg=='
2024-10-10 00:09:30,488 - INFO - Starting download: https://digiscr.sci.gov.in/pdf_viewer?dir=YWRtaW4vanVkZ2VtZW50X2ZpbGUvanVkZ2VtZW50X3BkZi8xOTYwL3ZvbHVtZSAxL1BhcnQgSS90aGUgY29tbWlzc2lvbmVyIG9mIGluY29tZS10YXgsIGJvbWJheV9yYW5jaGhvZGRhcyBrYXJzb25kYXMsIGJvbWJheV8xNjk5NTI2MjI3LnBkZg==
2024-10-10 00:09:31,037 - ERROR - Unexpected error while downloading https://digiscr.sci.gov.in/pdf_viewer?dir=YWRtaW4vanVkZ2VtZW50X2ZpbGUvanVkZ2VtZW50X3BkZi8xOTYwL3ZvbHVtZSAxL1BhcnQgSS90aGUgY29tbWlzc2lvbmVyIG9mIGluY29tZS10YXgsIGJvbWJheV9yYW5jaGhvZGRhcyBrYXJzb25kYXMsIGJvbWJheV8xNjk5NTI2MjI3LnBkZg==: [Errno 22] Invalid argument: 'pdfs/pdf_viewer?dir=YWRtaW4vanVkZ2VtZW50X2ZpbGUvanVkZ2VtZW50X3BkZi8xOTYwL3ZvbHVtZSAxL1BhcnQgSS90aGUgY29tbWlzc2lvbmVyIG9mIGluY29tZS10YXgsIGJvbWJheV9yYW5jaGhvZGRhcyBrYXJzb25kYXMsIGJvbWJheV8xNjk5NTI2MjI3LnBkZg=='
2024-10-10 00:09:31,037 - INFO - Starting download: https://digiscr.sci.gov.in/pdf_viewer?dir=YWRtaW4vanVkZ2VtZW50X2ZpbGUvanVkZ2VtZW50X3BkZi8xOTYwL3ZvbHVtZSAxL1BhcnQgSS8xNjk5NTI2ODA0LnBkZg==
2024-10-10 00:09:31,591 - ERROR - Unexpected error while downloading https://digiscr.sci.gov.in/pdf_viewer?dir=YWRtaW4vanVkZ2VtZW50X2ZpbGUvanVkZ2VtZW50X3BkZi8xOTYwL3ZvbHVtZSAxL1BhcnQgSS8xNjk5NTI2ODA0LnBkZg==: [Errno 22] Invalid argument: 'pdfs/pdf_viewer?dir=YWRtaW4vanVkZ2VtZW50X2ZpbGUvanVkZ2VtZW50X3BkZi8xOTYwL3ZvbHVtZSAxL1BhcnQgSS8xNjk5NTI2ODA0LnBkZg=='
2024-10-10 00:09:31,591 - INFO - Starting download: https://digiscr.sci.gov.in/pdf_viewer?dir=YWRtaW4vanVkZ2VtZW50X2ZpbGUvanVkZ2VtZW50X3BkZi8xOTYwL3ZvbHVtZSAxL1BhcnQgSS9zaHJpIGIuIHAuIGhpcmEsIHdvcmtzIG1hbmFnZXIsIGNlbnRyYWwgcmFpbHdheSwgcGFyZWwsIGJvbWJheSBldGMuX3NocmkgYy4gbS4gcHJhZGhhbiBldGMuXzE2OTk1MjcyMTcucGRm
2024-10-10 00:09:32,153 - ERROR - Unexpected error while downloading https://digiscr.sci.gov.in/pdf_viewer?dir=YWRtaW4vanVkZ2VtZW50X2ZpbGUvanVkZ2VtZW50X3BkZi8xOTYwL3ZvbHVtZSAxL1BhcnQgSS9zaHJpIGIuIHAuIGhpcmEsIHdvcmtzIG1hbmFnZXIsIGNlbnRyYWwgcmFpbHdheSwgcGFyZWwsIGJvbWJheSBldGMuX3NocmkgYy4gbS4gcHJhZGhhbiBldGMuXzE2OTk1MjcyMTcucGRm: [Errno 2] No such file or directory: 'pdfs/pdf_viewer?dir=YWRtaW4vanVkZ2VtZW50X2ZpbGUvanVkZ2VtZW50X3BkZi8xOTYwL3ZvbHVtZSAxL1BhcnQgSS9zaHJpIGIuIHAuIGhpcmEsIHdvcmtzIG1hbmFnZXIsIGNlbnRyYWwgcmFpbHdheSwgcGFyZWwsIGJvbWJheSBldGMuX3NocmkgYy4gbS4gcHJhZGhhbiBldGMuXzE2OTk1MjcyMTcucGRm'
2024-10-10 00:09:32,153 - INFO - Starting download: https://www.sebi.gov.in/sebi_data/attachdocs/1292585113260.pdf
2024-10-10 00:09:35,043 - INFO - Successfully downloaded https://www.sebi.gov.in/sebi_data/attachdocs/1292585113260.pdf
2024-10-10 00:09:35,043 - INFO - Starting download: https://ijtr.nic.in/Circular%20Orders%20(Supplement).pdf
2024-10-10 00:09:35,309 - ERROR - Failed to download https://ijtr.nic.in/Circular%20Orders%20(Supplement).pdf: HTTPSConnectionPool(host='ijtr.nic.in', port=443): Max retries exceeded with url: /Circular%20Orders%20(Supplement).pdf (Caused by SSLError(SSLCertVerificationError(1, '[SSL: CERTIFICATE_VERIFY_FAILED] certificate verify failed: unable to get local issuer certificate (_ssl.c:1000)')))
2024-10-10 00:09:35,310 - INFO - Starting download: https://enforcementdirectorate.gov.in/sites/default/files/Act%26rules/The%20Prevention%20of%20Money-laundering%20%28Maintenance%20of%20Records%29%20Rules%2C%202005.pdf
2024-10-10 00:09:39,386 - INFO - Successfully downloaded https://enforcementdirectorate.gov.in/sites/default/files/Act%26rules/The%20Prevention%20of%20Money-laundering%20%28Maintenance%20of%20Records%29%20Rules%2C%202005.pdf
2024-10-10 00:09:39,388 - INFO - Extracting text from: pdfs/20240716890312078.pdf
2024-10-10 00:09:39,389 - INFO - Extracting text from: pdfs/250883_english_01042024.pdf
2024-10-10 00:09:39,406 - INFO - Extracting text from: pdfs/PR60974A2ED1DFDB84EC0B3AABFB8419E1431.PDF
2024-10-10 00:09:39,435 - INFO - Extracting text from: pdfs/1292585113260.pdf
2024-10-10 00:09:39,465 - INFO - Extracting text from: pdfs/The%20Prevention%20of%20Money-laundering%20%28Maintenance%20of%20Records%29%20Rules%2C%202005.pdf
2024-10-10 00:09:40,086 - INFO - Data stored in MongoDB for pdfs/PR60974A2ED1DFDB84EC0B3AABFB8419E1431.PDF
2024-10-10 00:09:40,100 - INFO - Processed pdfs/PR60974A2ED1DFDB84EC0B3AABFB8419E1431.PDF in 0.69 seconds
2024-10-10 00:09:40,260 - INFO - Data stored in MongoDB for pdfs/The%20Prevention%20of%20Money-laundering%20%28Maintenance%20of%20Records%29%20Rules%2C%202005.pdf
2024-10-10 00:09:40,260 - INFO - Processed pdfs/The%20Prevention%20of%20Money-laundering%20%28Maintenance%20of%20Records%29%20Rules%2C%202005.pdf in 0.79 seconds
2024-10-10 00:09:40,337 - INFO - Data stored in MongoDB for pdfs/1292585113260.pdf
2024-10-10 00:09:40,337 - INFO - Processed pdfs/1292585113260.pdf in 0.90 seconds
2024-10-10 00:09:40,461 - INFO - Data stored in MongoDB for pdfs/250883_english_01042024.pdf
2024-10-10 00:09:40,476 - INFO - Processed pdfs/250883_english_01042024.pdf in 1.09 seconds
2024-10-10 00:09:40,722 - INFO - Data stored in MongoDB for pdfs/20240716890312078.pdf
2024-10-10 00:09:40,722 - INFO - Processed pdfs/20240716890312078.pdf in 1.33 seconds
2024-10-10 00:16:31,257 - INFO - Starting download: https://digiscr.sci.gov.in/pdf_viewer?dir=YWRtaW4vanVkZ2VtZW50X2ZpbGUvanVkZ2VtZW50X3BkZi8xOTUwL3ZvbHVtZSAxL1BhcnQgSS9Db21taXNzaW9uZXIgb2YgSW5jb21lIFRheCwgV2VzdCBCZW5nYWxfQ2FsY3V0dGEgQWdlbmN5IEx0ZC5fMTY5NzYwNjMxMC5wZGY=
2024-10-10 00:16:31,881 - ERROR - Unexpected error while downloading https://digiscr.sci.gov.in/pdf_viewer?dir=YWRtaW4vanVkZ2VtZW50X2ZpbGUvanVkZ2VtZW50X3BkZi8xOTUwL3ZvbHVtZSAxL1BhcnQgSS9Db21taXNzaW9uZXIgb2YgSW5jb21lIFRheCwgV2VzdCBCZW5nYWxfQ2FsY3V0dGEgQWdlbmN5IEx0ZC5fMTY5NzYwNjMxMC5wZGY=: [Errno 22] Invalid argument: 'pdfs/pdf_viewer?dir=YWRtaW4vanVkZ2VtZW50X2ZpbGUvanVkZ2VtZW50X3BkZi8xOTUwL3ZvbHVtZSAxL1BhcnQgSS9Db21taXNzaW9uZXIgb2YgSW5jb21lIFRheCwgV2VzdCBCZW5nYWxfQ2FsY3V0dGEgQWdlbmN5IEx0ZC5fMTY5NzYwNjMxMC5wZGY='
2024-10-10 00:16:31,881 - INFO - Starting download: https://digiscr.sci.gov.in/pdf_viewer?dir=YWRtaW4vanVkZ2VtZW50X2ZpbGUvanVkZ2VtZW50X3BkZi8xOTUyL3ZvbHVtZSAxL1BhcnQgSS90aGUgc3RhdGUgb2YgYmloYXJfbWFoYXJhamFkaGlyYWphIHNpciBrYW1lc2h3YXIgc2luZ2ggb2YgZGFyYmhhbmdhIGFuZCBvdGhlcnNfMTY5ODMxODQ0OC5wZGY=
2024-10-10 00:16:33,715 - ERROR - Unexpected error while downloading https://digiscr.sci.gov.in/pdf_viewer?dir=YWRtaW4vanVkZ2VtZW50X2ZpbGUvanVkZ2VtZW50X3BkZi8xOTUyL3ZvbHVtZSAxL1BhcnQgSS90aGUgc3RhdGUgb2YgYmloYXJfbWFoYXJhamFkaGlyYWphIHNpciBrYW1lc2h3YXIgc2luZ2ggb2YgZGFyYmhhbmdhIGFuZCBvdGhlcnNfMTY5ODMxODQ0OC5wZGY=: [Errno 2] No such file or directory: 'pdfs/pdf_viewer?dir=YWRtaW4vanVkZ2VtZW50X2ZpbGUvanVkZ2VtZW50X3BkZi8xOTUyL3ZvbHVtZSAxL1BhcnQgSS90aGUgc3RhdGUgb2YgYmloYXJfbWFoYXJhamFkaGlyYWphIHNpciBrYW1lc2h3YXIgc2luZ2ggb2YgZGFyYmhhbmdhIGFuZCBvdGhlcnNfMTY5ODMxODQ0OC5wZGY='
2024-10-10 00:16:33,716 - INFO - Starting download: https://cdnbbsr.s3waas.gov.in/s380537a945c7aaa788ccfcdf1b99b5d8f/uploads/2024/07/20240716890312078.pdf
2024-10-10 00:16:34,487 - INFO - Successfully downloaded https://cdnbbsr.s3waas.gov.in/s380537a945c7aaa788ccfcdf1b99b5d8f/uploads/2024/07/20240716890312078.pdf
2024-10-10 00:16:34,488 - INFO - Starting download: https://www.mha.gov.in/sites/default/files/250883_english_01042024.pdf
2024-10-10 00:16:36,004 - INFO - Successfully downloaded https://www.mha.gov.in/sites/default/files/250883_english_01042024.pdf
2024-10-10 00:16:36,004 - INFO - Starting download: https://rbidocs.rbi.org.in/rdocs/PressRelease/PDFs/PR60974A2ED1DFDB84EC0B3AABFB8419E1431.PDF
2024-10-10 00:16:42,775 - INFO - Successfully downloaded https://rbidocs.rbi.org.in/rdocs/PressRelease/PDFs/PR60974A2ED1DFDB84EC0B3AABFB8419E1431.PDF
2024-10-10 00:16:42,775 - INFO - Starting download: https://digiscr.sci.gov.in/pdf_viewer?dir=YWRtaW4vanVkZ2VtZW50X2ZpbGUvanVkZ2VtZW50X3BkZi8xOTYwL3ZvbHVtZSAxL1BhcnQgSS90aGUgdGF0YSBvaWwgbWlsbHMgY28uIGx0ZC5faXRzIHdvcmttZW4gYW5kIG90aGVyc18xNjk5MzMzODYyLnBkZg==
2024-10-10 00:16:43,357 - ERROR - Unexpected error while downloading https://digiscr.sci.gov.in/pdf_viewer?dir=YWRtaW4vanVkZ2VtZW50X2ZpbGUvanVkZ2VtZW50X3BkZi8xOTYwL3ZvbHVtZSAxL1BhcnQgSS90aGUgdGF0YSBvaWwgbWlsbHMgY28uIGx0ZC5faXRzIHdvcmttZW4gYW5kIG90aGVyc18xNjk5MzMzODYyLnBkZg==: [Errno 22] Invalid argument: 'pdfs/pdf_viewer?dir=YWRtaW4vanVkZ2VtZW50X2ZpbGUvanVkZ2VtZW50X3BkZi8xOTYwL3ZvbHVtZSAxL1BhcnQgSS90aGUgdGF0YSBvaWwgbWlsbHMgY28uIGx0ZC5faXRzIHdvcmttZW4gYW5kIG90aGVyc18xNjk5MzMzODYyLnBkZg=='
2024-10-10 00:16:43,357 - INFO - Starting download: https://digiscr.sci.gov.in/pdf_viewer?dir=YWRtaW4vanVkZ2VtZW50X2ZpbGUvanVkZ2VtZW50X3BkZi8xOTYwL3ZvbHVtZSAxL1BhcnQgSS9ncmVhdCBpbmRpYW4gbW90b3Igd29ya3MgbHRkLiwgYW5kIGFub3RoZXJfdGhlaXIgZW1wbG95ZWVzIGFuZCBvdGhlcnNfMTY5OTMzNjM1NS5wZGY=
2024-10-10 00:16:43,883 - ERROR - Unexpected error while downloading https://digiscr.sci.gov.in/pdf_viewer?dir=YWRtaW4vanVkZ2VtZW50X2ZpbGUvanVkZ2VtZW50X3BkZi8xOTYwL3ZvbHVtZSAxL1BhcnQgSS9ncmVhdCBpbmRpYW4gbW90b3Igd29ya3MgbHRkLiwgYW5kIGFub3RoZXJfdGhlaXIgZW1wbG95ZWVzIGFuZCBvdGhlcnNfMTY5OTMzNjM1NS5wZGY=: [Errno 22] Invalid argument: 'pdfs/pdf_viewer?dir=YWRtaW4vanVkZ2VtZW50X2ZpbGUvanVkZ2VtZW50X3BkZi8xOTYwL3ZvbHVtZSAxL1BhcnQgSS9ncmVhdCBpbmRpYW4gbW90b3Igd29ya3MgbHRkLiwgYW5kIGFub3RoZXJfdGhlaXIgZW1wbG95ZWVzIGFuZCBvdGhlcnNfMTY5OTMzNjM1NS5wZGY='
2024-10-10 00:16:43,884 - INFO - Starting download: https://digiscr.sci.gov.in/pdf_viewer?dir=YWRtaW4vanVkZ2VtZW50X2ZpbGUvanVkZ2VtZW50X3BkZi8xOTYwL3ZvbHVtZSAxL1BhcnQgSS9tZXNzcnMuIGlzcGFoYW5pIGx0ZC4gY2FsY3V0dGFfaXNwYWhhbmkgZW1wbG95ZWVzICB1bmlvbl8xNjk5MzM4NTQ5LnBkZg==
2024-10-10 00:16:44,358 - ERROR - Unexpected error while downloading https://digiscr.sci.gov.in/pdf_viewer?dir=YWRtaW4vanVkZ2VtZW50X2ZpbGUvanVkZ2VtZW50X3BkZi8xOTYwL3ZvbHVtZSAxL1BhcnQgSS9tZXNzcnMuIGlzcGFoYW5pIGx0ZC4gY2FsY3V0dGFfaXNwYWhhbmkgZW1wbG95ZWVzICB1bmlvbl8xNjk5MzM4NTQ5LnBkZg==: [Errno 22] Invalid argument: 'pdfs/pdf_viewer?dir=YWRtaW4vanVkZ2VtZW50X2ZpbGUvanVkZ2VtZW50X3BkZi8xOTYwL3ZvbHVtZSAxL1BhcnQgSS9tZXNzcnMuIGlzcGFoYW5pIGx0ZC4gY2FsY3V0dGFfaXNwYWhhbmkgZW1wbG95ZWVzICB1bmlvbl8xNjk5MzM4NTQ5LnBkZg=='
2024-10-10 00:16:44,358 - INFO - Starting download: https://digiscr.sci.gov.in/pdf_viewer?dir=YWRtaW4vanVkZ2VtZW50X2ZpbGUvanVkZ2VtZW50X3BkZi8xOTYwL3ZvbHVtZSAxL1BhcnQgSS9waHVsYmFyaSB0ZWEgZXN0YXRlX2l0cyB3b3JrbWVuXzE2OTkzMzkyMjYucGRm
2024-10-10 00:16:44,887 - ERROR - Unexpected error while downloading https://digiscr.sci.gov.in/pdf_viewer?dir=YWRtaW4vanVkZ2VtZW50X2ZpbGUvanVkZ2VtZW50X3BkZi8xOTYwL3ZvbHVtZSAxL1BhcnQgSS9waHVsYmFyaSB0ZWEgZXN0YXRlX2l0cyB3b3JrbWVuXzE2OTkzMzkyMjYucGRm: [Errno 22] Invalid argument: 'pdfs/pdf_viewer?dir=YWRtaW4vanVkZ2VtZW50X2ZpbGUvanVkZ2VtZW50X3BkZi8xOTYwL3ZvbHVtZSAxL1BhcnQgSS9waHVsYmFyaSB0ZWEgZXN0YXRlX2l0cyB3b3JrbWVuXzE2OTkzMzkyMjYucGRm'
2024-10-10 00:16:44,890 - INFO - Starting download: https://digiscr.sci.gov.in/pdf_viewer?dir=YWRtaW4vanVkZ2VtZW50X2ZpbGUvanVkZ2VtZW50X3BkZi8xOTYwL3ZvbHVtZSAxL1BhcnQgSS90aGUgbG9yZCBrcmlzaG5hIHN1Z2FyIG1pbGxzIGx0ZC4sIGFuZCBhbm90aGVyX3RoZSB1bmlvbiBvZiBpbmRpYSBhbmQgYW5vdGhlcl8xNjk5MzQxMDE0LnBkZg==
2024-10-10 00:16:45,618 - ERROR - Unexpected error while downloading https://digiscr.sci.gov.in/pdf_viewer?dir=YWRtaW4vanVkZ2VtZW50X2ZpbGUvanVkZ2VtZW50X3BkZi8xOTYwL3ZvbHVtZSAxL1BhcnQgSS90aGUgbG9yZCBrcmlzaG5hIHN1Z2FyIG1pbGxzIGx0ZC4sIGFuZCBhbm90aGVyX3RoZSB1bmlvbiBvZiBpbmRpYSBhbmQgYW5vdGhlcl8xNjk5MzQxMDE0LnBkZg==: [Errno 2] No such file or directory: 'pdfs/pdf_viewer?dir=YWRtaW4vanVkZ2VtZW50X2ZpbGUvanVkZ2VtZW50X3BkZi8xOTYwL3ZvbHVtZSAxL1BhcnQgSS90aGUgbG9yZCBrcmlzaG5hIHN1Z2FyIG1pbGxzIGx0ZC4sIGFuZCBhbm90aGVyX3RoZSB1bmlvbiBvZiBpbmRpYSBhbmQgYW5vdGhlcl8xNjk5MzQxMDE0LnBkZg=='
2024-10-10 00:16:45,618 - INFO - Starting download: https://digiscr.sci.gov.in/pdf_viewer?dir=YWRtaW4vanVkZ2VtZW50X2ZpbGUvanVkZ2VtZW50X3BkZi8xOTYwL3ZvbHVtZSAxL1BhcnQgSS8xNjk5NTIxMzUwLnBkZg==
2024-10-10 00:16:46,220 - ERROR - Unexpected error while downloading https://digiscr.sci.gov.in/pdf_viewer?dir=YWRtaW4vanVkZ2VtZW50X2ZpbGUvanVkZ2VtZW50X3BkZi8xOTYwL3ZvbHVtZSAxL1BhcnQgSS8xNjk5NTIxMzUwLnBkZg==: [Errno 22] Invalid argument: 'pdfs/pdf_viewer?dir=YWRtaW4vanVkZ2VtZW50X2ZpbGUvanVkZ2VtZW50X3BkZi8xOTYwL3ZvbHVtZSAxL1BhcnQgSS8xNjk5NTIxMzUwLnBkZg=='
2024-10-10 00:16:46,221 - INFO - Starting download: https://digiscr.sci.gov.in/pdf_viewer?dir=YWRtaW4vanVkZ2VtZW50X2ZpbGUvanVkZ2VtZW50X3BkZi8xOTYwL3ZvbHVtZSAxL1BhcnQgSS90aGUgZ3JhaGFtIHRyYWRpbmcgY28uIChpbmRpYSkgbHRkLl9pdHMgd29ya21lbl8xNjk5NTIzNTc3LnBkZg==
2024-10-10 00:16:46,818 - ERROR - Unexpected error while downloading https://digiscr.sci.gov.in/pdf_viewer?dir=YWRtaW4vanVkZ2VtZW50X2ZpbGUvanVkZ2VtZW50X3BkZi8xOTYwL3ZvbHVtZSAxL1BhcnQgSS90aGUgZ3JhaGFtIHRyYWRpbmcgY28uIChpbmRpYSkgbHRkLl9pdHMgd29ya21lbl8xNjk5NTIzNTc3LnBkZg==: [Errno 22] Invalid argument: 'pdfs/pdf_viewer?dir=YWRtaW4vanVkZ2VtZW50X2ZpbGUvanVkZ2VtZW50X3BkZi8xOTYwL3ZvbHVtZSAxL1BhcnQgSS90aGUgZ3JhaGFtIHRyYWRpbmcgY28uIChpbmRpYSkgbHRkLl9pdHMgd29ya21lbl8xNjk5NTIzNTc3LnBkZg=='
2024-10-10 00:16:46,819 - INFO - Starting download: https://digiscr.sci.gov.in/pdf_viewer?dir=YWRtaW4vanVkZ2VtZW50X2ZpbGUvanVkZ2VtZW50X3BkZi8xOTYwL3ZvbHVtZSAxL1BhcnQgSS90aGUgY29tbWlzc2lvbmVyIG9mIGluY29tZS10YXgsIGJvbWJheV9yYW5jaGhvZGRhcyBrYXJzb25kYXMsIGJvbWJheV8xNjk5NTI2MjI3LnBkZg==
2024-10-10 00:16:47,399 - ERROR - Unexpected error while downloading https://digiscr.sci.gov.in/pdf_viewer?dir=YWRtaW4vanVkZ2VtZW50X2ZpbGUvanVkZ2VtZW50X3BkZi8xOTYwL3ZvbHVtZSAxL1BhcnQgSS90aGUgY29tbWlzc2lvbmVyIG9mIGluY29tZS10YXgsIGJvbWJheV9yYW5jaGhvZGRhcyBrYXJzb25kYXMsIGJvbWJheV8xNjk5NTI2MjI3LnBkZg==: [Errno 22] Invalid argument: 'pdfs/pdf_viewer?dir=YWRtaW4vanVkZ2VtZW50X2ZpbGUvanVkZ2VtZW50X3BkZi8xOTYwL3ZvbHVtZSAxL1BhcnQgSS90aGUgY29tbWlzc2lvbmVyIG9mIGluY29tZS10YXgsIGJvbWJheV9yYW5jaGhvZGRhcyBrYXJzb25kYXMsIGJvbWJheV8xNjk5NTI2MjI3LnBkZg=='
2024-10-10 00:16:47,399 - INFO - Starting download: https://digiscr.sci.gov.in/pdf_viewer?dir=YWRtaW4vanVkZ2VtZW50X2ZpbGUvanVkZ2VtZW50X3BkZi8xOTYwL3ZvbHVtZSAxL1BhcnQgSS8xNjk5NTI2ODA0LnBkZg==
2024-10-10 00:16:47,912 - ERROR - Unexpected error while downloading https://digiscr.sci.gov.in/pdf_viewer?dir=YWRtaW4vanVkZ2VtZW50X2ZpbGUvanVkZ2VtZW50X3BkZi8xOTYwL3ZvbHVtZSAxL1BhcnQgSS8xNjk5NTI2ODA0LnBkZg==: [Errno 22] Invalid argument: 'pdfs/pdf_viewer?dir=YWRtaW4vanVkZ2VtZW50X2ZpbGUvanVkZ2VtZW50X3BkZi8xOTYwL3ZvbHVtZSAxL1BhcnQgSS8xNjk5NTI2ODA0LnBkZg=='
2024-10-10 00:16:47,913 - INFO - Starting download: https://digiscr.sci.gov.in/pdf_viewer?dir=YWRtaW4vanVkZ2VtZW50X2ZpbGUvanVkZ2VtZW50X3BkZi8xOTYwL3ZvbHVtZSAxL1BhcnQgSS9zaHJpIGIuIHAuIGhpcmEsIHdvcmtzIG1hbmFnZXIsIGNlbnRyYWwgcmFpbHdheSwgcGFyZWwsIGJvbWJheSBldGMuX3NocmkgYy4gbS4gcHJhZGhhbiBldGMuXzE2OTk1MjcyMTcucGRm
2024-10-10 00:16:48,422 - ERROR - Unexpected error while downloading https://digiscr.sci.gov.in/pdf_viewer?dir=YWRtaW4vanVkZ2VtZW50X2ZpbGUvanVkZ2VtZW50X3BkZi8xOTYwL3ZvbHVtZSAxL1BhcnQgSS9zaHJpIGIuIHAuIGhpcmEsIHdvcmtzIG1hbmFnZXIsIGNlbnRyYWwgcmFpbHdheSwgcGFyZWwsIGJvbWJheSBldGMuX3NocmkgYy4gbS4gcHJhZGhhbiBldGMuXzE2OTk1MjcyMTcucGRm: [Errno 2] No such file or directory: 'pdfs/pdf_viewer?dir=YWRtaW4vanVkZ2VtZW50X2ZpbGUvanVkZ2VtZW50X3BkZi8xOTYwL3ZvbHVtZSAxL1BhcnQgSS9zaHJpIGIuIHAuIGhpcmEsIHdvcmtzIG1hbmFnZXIsIGNlbnRyYWwgcmFpbHdheSwgcGFyZWwsIGJvbWJheSBldGMuX3NocmkgYy4gbS4gcHJhZGhhbiBldGMuXzE2OTk1MjcyMTcucGRm'
2024-10-10 00:16:48,422 - INFO - Starting download: https://www.sebi.gov.in/sebi_data/attachdocs/1292585113260.pdf
2024-10-10 00:16:50,832 - INFO - Successfully downloaded https://www.sebi.gov.in/sebi_data/attachdocs/1292585113260.pdf
2024-10-10 00:16:50,832 - INFO - Starting download: https://ijtr.nic.in/Circular%20Orders%20(Supplement).pdf
2024-10-10 00:16:51,001 - ERROR - Failed to download https://ijtr.nic.in/Circular%20Orders%20(Supplement).pdf: HTTPSConnectionPool(host='ijtr.nic.in', port=443): Max retries exceeded with url: /Circular%20Orders%20(Supplement).pdf (Caused by SSLError(SSLCertVerificationError(1, '[SSL: CERTIFICATE_VERIFY_FAILED] certificate verify failed: unable to get local issuer certificate (_ssl.c:1000)')))
2024-10-10 00:16:51,001 - INFO - Starting download: https://enforcementdirectorate.gov.in/sites/default/files/Act%26rules/The%20Prevention%20of%20Money-laundering%20%28Maintenance%20of%20Records%29%20Rules%2C%202005.pdf
2024-10-10 00:16:54,574 - INFO - Successfully downloaded https://enforcementdirectorate.gov.in/sites/default/files/Act%26rules/The%20Prevention%20of%20Money-laundering%20%28Maintenance%20of%20Records%29%20Rules%2C%202005.pdf
2024-10-10 00:16:54,575 - INFO - Extracting text from: pdfs/20240716890312078.pdf
2024-10-10 00:16:54,586 - INFO - Extracting text from: pdfs/250883_english_01042024.pdf
2024-10-10 00:16:54,593 - INFO - Extracting text from: pdfs/PR60974A2ED1DFDB84EC0B3AABFB8419E1431.PDF
2024-10-10 00:16:54,666 - INFO - Extracting text from: pdfs/1292585113260.pdf
2024-10-10 00:16:54,695 - INFO - Extracting text from: pdfs/The%20Prevention%20of%20Money-laundering%20%28Maintenance%20of%20Records%29%20Rules%2C%202005.pdf
2024-10-10 00:16:55,541 - INFO - Data stored in MongoDB for pdfs/PR60974A2ED1DFDB84EC0B3AABFB8419E1431.PDF
2024-10-10 00:16:55,541 - INFO - Processed pdfs/PR60974A2ED1DFDB84EC0B3AABFB8419E1431.PDF in 0.95 seconds
2024-10-10 00:16:55,763 - INFO - Data stored in MongoDB for pdfs/The%20Prevention%20of%20Money-laundering%20%28Maintenance%20of%20Records%29%20Rules%2C%202005.pdf
2024-10-10 00:16:55,763 - INFO - Processed pdfs/The%20Prevention%20of%20Money-laundering%20%28Maintenance%20of%20Records%29%20Rules%2C%202005.pdf in 1.07 seconds
2024-10-10 00:16:55,766 - INFO - Data stored in MongoDB for pdfs/1292585113260.pdf
2024-10-10 00:16:55,766 - INFO - Processed pdfs/1292585113260.pdf in 1.10 seconds
2024-10-10 00:16:55,795 - INFO - Data stored in MongoDB for pdfs/250883_english_01042024.pdf
2024-10-10 00:16:55,795 - INFO - Processed pdfs/250883_english_01042024.pdf in 1.21 seconds
2024-10-10 00:16:55,852 - INFO - Data stored in MongoDB for pdfs/20240716890312078.pdf
2024-10-10 00:16:55,852 - INFO - Processed pdfs/20240716890312078.pdf in 1.28 seconds
